mode: atomic
github.com/state-alchemists/zaruba/booleanutil/boolean.go:7.36,9.2 1 46
github.com/state-alchemists/zaruba/booleanutil/boolean.go:12.57,15.2 2 23
github.com/state-alchemists/zaruba/booleanutil/boolean.go:18.58,21.2 2 23
github.com/state-alchemists/zaruba/toc/helper.go:18.130,22.22 4 4
github.com/state-alchemists/zaruba/toc/helper.go:28.2,28.47 1 4
github.com/state-alchemists/zaruba/toc/helper.go:22.22,27.3 4 4
github.com/state-alchemists/zaruba/toc/helper.go:31.103,33.17 2 3
github.com/state-alchemists/zaruba/toc/helper.go:36.2,36.26 1 3
github.com/state-alchemists/zaruba/toc/helper.go:44.2,44.23 1 3
github.com/state-alchemists/zaruba/toc/helper.go:47.2,53.8 1 3
github.com/state-alchemists/zaruba/toc/helper.go:33.17,35.3 1 0
github.com/state-alchemists/zaruba/toc/helper.go:36.26,37.29 1 3
github.com/state-alchemists/zaruba/toc/helper.go:40.3,40.46 1 3
github.com/state-alchemists/zaruba/toc/helper.go:37.29,39.4 1 3
github.com/state-alchemists/zaruba/toc/helper.go:40.46,42.4 1 3
github.com/state-alchemists/zaruba/toc/helper.go:44.23,46.3 1 0
github.com/state-alchemists/zaruba/toc/toc.go:18.48,21.24 3 1
github.com/state-alchemists/zaruba/toc/toc.go:27.2,28.84 2 1
github.com/state-alchemists/zaruba/toc/toc.go:32.2,32.37 1 1
github.com/state-alchemists/zaruba/toc/toc.go:21.24,23.17 2 1
github.com/state-alchemists/zaruba/toc/toc.go:23.17,25.4 1 0
github.com/state-alchemists/zaruba/toc/toc.go:28.84,30.3 1 0
github.com/state-alchemists/zaruba/toc/toc.go:35.56,37.38 2 1
github.com/state-alchemists/zaruba/toc/toc.go:43.2,45.16 3 1
github.com/state-alchemists/zaruba/toc/toc.go:48.2,54.17 3 1
github.com/state-alchemists/zaruba/toc/toc.go:57.2,59.16 3 1
github.com/state-alchemists/zaruba/toc/toc.go:62.2,62.17 1 1
github.com/state-alchemists/zaruba/toc/toc.go:37.38,39.17 2 1
github.com/state-alchemists/zaruba/toc/toc.go:39.17,41.4 1 0
github.com/state-alchemists/zaruba/toc/toc.go:45.16,47.3 1 0
github.com/state-alchemists/zaruba/toc/toc.go:54.17,56.3 1 0
github.com/state-alchemists/zaruba/toc/toc.go:59.16,61.3 1 0
github.com/state-alchemists/zaruba/toc/tocitem.go:21.56,23.16 2 12
github.com/state-alchemists/zaruba/toc/tocitem.go:26.2,28.16 3 12
github.com/state-alchemists/zaruba/toc/tocitem.go:31.2,31.23 1 12
github.com/state-alchemists/zaruba/toc/tocitem.go:34.2,37.78 3 12
github.com/state-alchemists/zaruba/toc/tocitem.go:44.2,44.84 1 1
github.com/state-alchemists/zaruba/toc/tocitem.go:48.2,48.44 1 1
github.com/state-alchemists/zaruba/toc/tocitem.go:23.16,25.3 1 0
github.com/state-alchemists/zaruba/toc/tocitem.go:28.16,30.3 1 0
github.com/state-alchemists/zaruba/toc/tocitem.go:31.23,33.3 1 5
github.com/state-alchemists/zaruba/toc/tocitem.go:37.78,38.83 1 11
github.com/state-alchemists/zaruba/toc/tocitem.go:41.3,41.45 1 11
github.com/state-alchemists/zaruba/toc/tocitem.go:38.83,40.4 1 0
github.com/state-alchemists/zaruba/toc/tocitem.go:44.84,46.3 1 0
github.com/state-alchemists/zaruba/toc/tocitem.go:51.96,54.16 3 1
github.com/state-alchemists/zaruba/toc/tocitem.go:57.2,59.91 3 1
github.com/state-alchemists/zaruba/toc/tocitem.go:62.2,62.56 1 1
github.com/state-alchemists/zaruba/toc/tocitem.go:68.2,68.12 1 0
github.com/state-alchemists/zaruba/toc/tocitem.go:54.16,56.3 1 0
github.com/state-alchemists/zaruba/toc/tocitem.go:59.91,61.3 1 0
github.com/state-alchemists/zaruba/toc/tocitem.go:62.56,64.45 2 1
github.com/state-alchemists/zaruba/toc/tocitem.go:64.45,66.4 1 1
github.com/state-alchemists/zaruba/toc/tocitem.go:71.94,82.2 2 11
github.com/state-alchemists/zaruba/toc/tocitem.go:84.80,85.23 1 11
github.com/state-alchemists/zaruba/toc/tocitem.go:88.2,88.90 1 4
github.com/state-alchemists/zaruba/toc/tocitem.go:85.23,87.3 1 7
github.com/state-alchemists/zaruba/toc/tocitem.go:91.70,93.16 2 12
github.com/state-alchemists/zaruba/toc/tocitem.go:96.2,100.23 2 12
github.com/state-alchemists/zaruba/toc/tocitem.go:93.16,95.3 1 0
github.com/state-alchemists/zaruba/toc/tocitem.go:103.86,105.16 2 30
github.com/state-alchemists/zaruba/toc/tocitem.go:108.2,109.32 2 30
github.com/state-alchemists/zaruba/toc/tocitem.go:116.2,116.39 1 30
github.com/state-alchemists/zaruba/toc/tocitem.go:105.16,107.3 1 0
github.com/state-alchemists/zaruba/toc/tocitem.go:109.32,111.17 2 9
github.com/state-alchemists/zaruba/toc/tocitem.go:114.3,114.39 1 9
github.com/state-alchemists/zaruba/toc/tocitem.go:111.17,113.4 1 0
github.com/state-alchemists/zaruba/toc/tocitem.go:119.73,121.16 2 30
github.com/state-alchemists/zaruba/toc/tocitem.go:124.2,124.65 1 30
github.com/state-alchemists/zaruba/toc/tocitem.go:121.16,123.3 1 0
github.com/state-alchemists/zaruba/toc/tocitem.go:127.74,132.20 4 12
github.com/state-alchemists/zaruba/toc/tocitem.go:143.2,145.16 3 12
github.com/state-alchemists/zaruba/toc/tocitem.go:148.2,150.40 3 12
github.com/state-alchemists/zaruba/toc/tocitem.go:132.20,135.17 3 18
github.com/state-alchemists/zaruba/toc/tocitem.go:138.3,140.25 3 18
github.com/state-alchemists/zaruba/toc/tocitem.go:135.17,137.4 1 0
github.com/state-alchemists/zaruba/toc/tocitem.go:145.16,147.3 1 0
github.com/state-alchemists/zaruba/toc/tocitem.go:153.46,158.20 5 12
github.com/state-alchemists/zaruba/toc/tocitem.go:162.2,163.54 2 12
github.com/state-alchemists/zaruba/toc/tocitem.go:158.20,161.3 2 18
github.com/state-alchemists/zaruba/toc/tocitem.go:166.60,167.32 1 12
github.com/state-alchemists/zaruba/toc/tocitem.go:170.2,170.59 1 5
github.com/state-alchemists/zaruba/toc/tocitem.go:167.32,169.3 1 7
github.com/state-alchemists/zaruba/toc/tocitem.go:173.105,174.63 1 12
github.com/state-alchemists/zaruba/toc/tocitem.go:179.2,187.16 2 12
github.com/state-alchemists/zaruba/toc/tocitem.go:174.63,178.3 3 1
github.com/state-alchemists/zaruba/toc/tocitems.go:10.85,12.35 2 22
github.com/state-alchemists/zaruba/toc/tocitems.go:19.2,19.39 1 22
github.com/state-alchemists/zaruba/toc/tocitems.go:12.35,14.17 2 30
github.com/state-alchemists/zaruba/toc/tocitems.go:17.3,17.30 1 30
github.com/state-alchemists/zaruba/toc/tocitems.go:14.17,16.4 1 0
github.com/state-alchemists/zaruba/toc/tocitems.go:22.57,23.35 1 13
github.com/state-alchemists/zaruba/toc/tocitems.go:28.2,28.12 1 13
github.com/state-alchemists/zaruba/toc/tocitems.go:23.35,24.52 1 12
github.com/state-alchemists/zaruba/toc/tocitems.go:24.52,26.4 1 0
github.com/state-alchemists/zaruba/toc/tocitems.go:31.103,39.29 8 6
github.com/state-alchemists/zaruba/toc/tocitems.go:85.2,85.21 1 6
github.com/state-alchemists/zaruba/toc/tocitems.go:95.2,95.22 1 6
github.com/state-alchemists/zaruba/toc/tocitems.go:39.29,41.22 2 32
github.com/state-alchemists/zaruba/toc/tocitems.go:46.3,46.21 1 32
github.com/state-alchemists/zaruba/toc/tocitems.go:41.22,44.4 1 30
github.com/state-alchemists/zaruba/toc/tocitems.go:46.21,50.22 4 30
github.com/state-alchemists/zaruba/toc/tocitems.go:54.4,54.18 1 30
github.com/state-alchemists/zaruba/toc/tocitems.go:62.4,62.47 1 24
github.com/state-alchemists/zaruba/toc/tocitems.go:67.4,67.48 1 6
github.com/state-alchemists/zaruba/toc/tocitems.go:50.22,52.5 1 2
github.com/state-alchemists/zaruba/toc/tocitems.go:54.18,59.13 5 6
github.com/state-alchemists/zaruba/toc/tocitems.go:62.47,64.13 2 18
github.com/state-alchemists/zaruba/toc/tocitems.go:67.48,69.28 1 6
github.com/state-alchemists/zaruba/toc/tocitems.go:77.5,80.42 3 6
github.com/state-alchemists/zaruba/toc/tocitems.go:69.28,72.20 2 3
github.com/state-alchemists/zaruba/toc/tocitems.go:75.6,75.29 1 3
github.com/state-alchemists/zaruba/toc/tocitems.go:72.20,74.7 1 0
github.com/state-alchemists/zaruba/toc/tocitems.go:85.21,86.26 1 6
github.com/state-alchemists/zaruba/toc/tocitems.go:93.3,93.32 1 6
github.com/state-alchemists/zaruba/toc/tocitems.go:86.26,89.18 2 2
github.com/state-alchemists/zaruba/toc/tocitems.go:89.18,91.5 1 0
github.com/state-alchemists/zaruba/strutil/namegenerator.go:15.40,46.2 1 16
github.com/state-alchemists/zaruba/strutil/namegenerator.go:48.51,53.2 4 0
github.com/state-alchemists/zaruba/strutil/replacementMapKey.go:5.40,7.2 1 1
github.com/state-alchemists/zaruba/strutil/replacementMapKey.go:9.50,13.2 2 1
github.com/state-alchemists/zaruba/strutil/replacementMapKey.go:15.45,17.2 1 1
github.com/state-alchemists/zaruba/strutil/strHelper.go:11.53,12.57 1 0
github.com/state-alchemists/zaruba/strutil/strHelper.go:15.2,16.77 2 0
github.com/state-alchemists/zaruba/strutil/strHelper.go:12.57,14.3 1 0
github.com/state-alchemists/zaruba/strutil/strHelper.go:19.47,21.2 1 0
github.com/state-alchemists/zaruba/strutil/strHelper.go:23.47,25.2 1 0
github.com/state-alchemists/zaruba/strutil/strHelper.go:27.56,30.2 2 0
github.com/state-alchemists/zaruba/strutil/strHelper.go:32.58,34.2 1 0
github.com/state-alchemists/zaruba/strutil/strHelper.go:36.98,38.33 2 4
github.com/state-alchemists/zaruba/strutil/strHelper.go:46.2,46.34 1 4
github.com/state-alchemists/zaruba/strutil/strHelper.go:38.33,39.34 1 5
github.com/state-alchemists/zaruba/strutil/strHelper.go:42.3,42.36 1 4
github.com/state-alchemists/zaruba/strutil/strHelper.go:39.34,40.12 1 1
github.com/state-alchemists/zaruba/strutil/strHelper.go:42.36,44.4 1 4
github.com/state-alchemists/zaruba/strutil/strHelper.go:50.78,52.2 1 1
github.com/state-alchemists/zaruba/strutil/strHelper.go:55.82,57.2 1 3
github.com/state-alchemists/zaruba/strutil/strHelper.go:59.58,61.34 2 3
github.com/state-alchemists/zaruba/strutil/strHelper.go:64.2,64.15 1 3
github.com/state-alchemists/zaruba/strutil/strHelper.go:61.34,63.3 1 9
github.com/state-alchemists/zaruba/strutil/strHelper.go:67.72,70.20 3 3
github.com/state-alchemists/zaruba/strutil/strHelper.go:73.2,76.50 4 0
github.com/state-alchemists/zaruba/strutil/strHelper.go:79.2,79.20 1 0
github.com/state-alchemists/zaruba/strutil/strHelper.go:70.20,72.3 1 3
github.com/state-alchemists/zaruba/strutil/strHelper.go:76.50,78.3 1 0
github.com/state-alchemists/zaruba/strutil/strHelper.go:82.77,85.34 3 1
github.com/state-alchemists/zaruba/strutil/strHelper.go:88.2,89.27 2 1
github.com/state-alchemists/zaruba/strutil/strHelper.go:101.2,101.15 1 1
github.com/state-alchemists/zaruba/strutil/strHelper.go:85.34,87.3 1 2
github.com/state-alchemists/zaruba/strutil/strHelper.go:89.27,91.49 2 2
github.com/state-alchemists/zaruba/strutil/strHelper.go:91.49,92.70 1 2
github.com/state-alchemists/zaruba/strutil/strHelper.go:92.70,96.5 3 3
github.com/state-alchemists/zaruba/strutil/strHelper.go:97.9,99.4 1 0
github.com/state-alchemists/zaruba/strutil/strHelper.go:104.123,106.29 2 4
github.com/state-alchemists/zaruba/strutil/strHelper.go:109.2,110.16 2 4
github.com/state-alchemists/zaruba/strutil/strHelper.go:113.2,113.37 1 3
github.com/state-alchemists/zaruba/strutil/strHelper.go:131.2,131.26 1 1
github.com/state-alchemists/zaruba/strutil/strHelper.go:106.29,108.3 1 0
github.com/state-alchemists/zaruba/strutil/strHelper.go:110.16,112.3 1 1
github.com/state-alchemists/zaruba/strutil/strHelper.go:113.37,115.22 2 14
github.com/state-alchemists/zaruba/strutil/strHelper.go:118.3,118.42 1 7
github.com/state-alchemists/zaruba/strutil/strHelper.go:122.3,122.38 1 7
github.com/state-alchemists/zaruba/strutil/strHelper.go:125.3,127.17 3 6
github.com/state-alchemists/zaruba/strutil/strHelper.go:115.22,116.12 1 7
github.com/state-alchemists/zaruba/strutil/strHelper.go:118.42,121.4 2 1
github.com/state-alchemists/zaruba/strutil/strHelper.go:122.38,124.4 1 1
github.com/state-alchemists/zaruba/strutil/strHelper.go:127.17,129.4 1 1
github.com/state-alchemists/zaruba/strutil/strHelper.go:134.77,135.21 1 5
github.com/state-alchemists/zaruba/strutil/strHelper.go:138.2,138.14 1 5
github.com/state-alchemists/zaruba/strutil/strHelper.go:135.21,137.3 1 0
github.com/state-alchemists/zaruba/strutil/strHelper.go:141.107,143.38 2 5
github.com/state-alchemists/zaruba/strutil/strHelper.go:146.2,149.24 4 3
github.com/state-alchemists/zaruba/strutil/strHelper.go:152.2,154.20 3 3
github.com/state-alchemists/zaruba/strutil/strHelper.go:143.38,145.3 1 2
github.com/state-alchemists/zaruba/strutil/strHelper.go:149.24,151.3 1 3
github.com/state-alchemists/zaruba/strutil/strHelper.go:157.73,159.16 2 0
github.com/state-alchemists/zaruba/strutil/strHelper.go:162.2,163.20 2 0
github.com/state-alchemists/zaruba/strutil/strHelper.go:159.16,161.3 1 0
github.com/state-alchemists/zaruba/strutil/strHelper.go:166.32,173.21 2 7
github.com/state-alchemists/zaruba/strutil/strHelper.go:173.21,174.25 1 70
github.com/state-alchemists/zaruba/strutil/strHelper.go:178.4,179.12 2 60
github.com/state-alchemists/zaruba/strutil/strHelper.go:174.25,177.5 2 10
github.com/state-alchemists/zaruba/strutil/strHelper.go:184.31,186.15 1 70
github.com/state-alchemists/zaruba/strutil/strHelper.go:200.2,200.47 1 0
github.com/state-alchemists/zaruba/strutil/strHelper.go:204.2,204.27 1 0
github.com/state-alchemists/zaruba/strutil/strHelper.go:186.15,187.10 1 70
github.com/state-alchemists/zaruba/strutil/strHelper.go:197.3,197.14 1 10
github.com/state-alchemists/zaruba/strutil/strHelper.go:188.29,189.16 1 0
github.com/state-alchemists/zaruba/strutil/strHelper.go:190.29,191.16 1 56
github.com/state-alchemists/zaruba/strutil/strHelper.go:192.29,193.16 1 4
github.com/state-alchemists/zaruba/strutil/strHelper.go:194.17,195.16 1 0
github.com/state-alchemists/zaruba/strutil/strHelper.go:200.47,202.3 1 0
github.com/state-alchemists/zaruba/strutil/strHelper.go:207.43,212.21 5 4
github.com/state-alchemists/zaruba/strutil/strHelper.go:217.2,217.15 1 2
github.com/state-alchemists/zaruba/strutil/strHelper.go:212.21,216.3 3 2
github.com/state-alchemists/zaruba/strutil/strUtil.go:19.28,24.2 1 16
github.com/state-alchemists/zaruba/strutil/strUtil.go:26.60,28.2 1 0
github.com/state-alchemists/zaruba/strutil/strUtil.go:30.58,32.2 1 0
github.com/state-alchemists/zaruba/strutil/strUtil.go:34.57,36.2 1 2
github.com/state-alchemists/zaruba/strutil/strUtil.go:38.57,40.2 1 2
github.com/state-alchemists/zaruba/strutil/strUtil.go:42.60,44.2 1 0
github.com/state-alchemists/zaruba/strutil/strUtil.go:46.62,48.2 1 0
github.com/state-alchemists/zaruba/strutil/strUtil.go:50.59,52.2 1 0
github.com/state-alchemists/zaruba/strutil/strUtil.go:54.59,56.2 1 0
github.com/state-alchemists/zaruba/strutil/strUtil.go:58.59,60.2 1 4
github.com/state-alchemists/zaruba/strutil/strUtil.go:62.60,64.2 1 2
github.com/state-alchemists/zaruba/strutil/strUtil.go:66.64,68.2 1 0
github.com/state-alchemists/zaruba/strutil/strUtil.go:70.59,72.2 1 1
github.com/state-alchemists/zaruba/strutil/strUtil.go:74.59,76.2 1 1
github.com/state-alchemists/zaruba/strutil/strUtil.go:78.59,80.2 1 1
github.com/state-alchemists/zaruba/strutil/strUtil.go:82.79,95.2 12 3
github.com/state-alchemists/zaruba/strutil/strUtil.go:97.69,99.2 1 0
github.com/state-alchemists/zaruba/strutil/strUtil.go:101.63,103.2 1 0
github.com/state-alchemists/zaruba/strutil/strUtil.go:105.63,107.2 1 0
github.com/state-alchemists/zaruba/strutil/strUtil.go:109.68,111.2 1 0
github.com/state-alchemists/zaruba/strutil/strUtil.go:114.94,116.2 1 1
github.com/state-alchemists/zaruba/strutil/strUtil.go:118.98,120.2 1 0
github.com/state-alchemists/zaruba/strutil/strUtil.go:122.74,124.2 1 3
github.com/state-alchemists/zaruba/strutil/strUtil.go:126.88,129.20 3 3
github.com/state-alchemists/zaruba/strutil/strUtil.go:132.2,135.55 4 2
github.com/state-alchemists/zaruba/strutil/strUtil.go:138.2,138.20 1 1
github.com/state-alchemists/zaruba/strutil/strUtil.go:129.20,131.3 1 1
github.com/state-alchemists/zaruba/strutil/strUtil.go:135.55,137.3 1 1
github.com/state-alchemists/zaruba/strutil/strUtil.go:141.89,143.2 1 0
github.com/state-alchemists/zaruba/strutil/strUtil.go:145.77,147.2 1 0
github.com/state-alchemists/zaruba/strutil/strUtil.go:149.84,150.22 1 0
github.com/state-alchemists/zaruba/strutil/strUtil.go:153.2,153.10 1 0
github.com/state-alchemists/zaruba/strutil/strUtil.go:150.22,152.3 1 0
github.com/state-alchemists/zaruba/strutil/strUtil.go:156.83,157.22 1 0
github.com/state-alchemists/zaruba/strutil/strUtil.go:160.2,160.10 1 0
github.com/state-alchemists/zaruba/strutil/strUtil.go:157.22,159.3 1 0
github.com/state-alchemists/zaruba/strutil/strUtil.go:163.53,165.2 1 0
github.com/state-alchemists/zaruba/strutil/strUtil.go:167.75,168.34 1 0
github.com/state-alchemists/zaruba/strutil/strUtil.go:171.2,171.19 1 0
github.com/state-alchemists/zaruba/strutil/strUtil.go:168.34,170.3 1 0
github.com/state-alchemists/zaruba/strutil/strUtil.go:174.70,176.2 1 0
github.com/state-alchemists/zaruba/strutil/strUtil.go:178.55,180.2 1 0
github.com/state-alchemists/zaruba/strutil/strUtil.go:182.63,185.2 2 0
github.com/state-alchemists/zaruba/strutil/strUtil.go:187.66,189.2 1 0
github.com/state-alchemists/zaruba/strutil/strUtil.go:191.77,194.2 2 0
github.com/state-alchemists/zaruba/dsl/dslUtil.go:24.28,44.2 10 121
github.com/state-alchemists/zaruba/dsl/envRef.go:10.43,12.2 1 0
github.com/state-alchemists/zaruba/dsl/envRef.go:14.35,16.2 1 0
github.com/state-alchemists/zaruba/dsl/keyvalidator.go:40.58,57.2 1 121
github.com/state-alchemists/zaruba/dsl/keyvalidator.go:59.58,61.16 2 121
github.com/state-alchemists/zaruba/dsl/keyvalidator.go:64.2,64.54 1 119
github.com/state-alchemists/zaruba/dsl/keyvalidator.go:67.2,67.62 1 118
github.com/state-alchemists/zaruba/dsl/keyvalidator.go:70.2,70.64 1 117
github.com/state-alchemists/zaruba/dsl/keyvalidator.go:73.2,73.63 1 116
github.com/state-alchemists/zaruba/dsl/keyvalidator.go:76.2,76.70 1 115
github.com/state-alchemists/zaruba/dsl/keyvalidator.go:79.2,79.50 1 114
github.com/state-alchemists/zaruba/dsl/keyvalidator.go:82.2,82.46 1 113
github.com/state-alchemists/zaruba/dsl/keyvalidator.go:85.2,85.48 1 112
github.com/state-alchemists/zaruba/dsl/keyvalidator.go:88.2,88.47 1 111
github.com/state-alchemists/zaruba/dsl/keyvalidator.go:91.2,91.50 1 110
github.com/state-alchemists/zaruba/dsl/keyvalidator.go:94.2,94.15 1 109
github.com/state-alchemists/zaruba/dsl/keyvalidator.go:61.16,63.3 1 2
github.com/state-alchemists/zaruba/dsl/keyvalidator.go:64.54,66.3 1 1
github.com/state-alchemists/zaruba/dsl/keyvalidator.go:67.62,69.3 1 1
github.com/state-alchemists/zaruba/dsl/keyvalidator.go:70.64,72.3 1 1
github.com/state-alchemists/zaruba/dsl/keyvalidator.go:73.63,75.3 1 1
github.com/state-alchemists/zaruba/dsl/keyvalidator.go:76.70,78.3 1 1
github.com/state-alchemists/zaruba/dsl/keyvalidator.go:79.50,81.3 1 1
github.com/state-alchemists/zaruba/dsl/keyvalidator.go:82.46,84.3 1 1
github.com/state-alchemists/zaruba/dsl/keyvalidator.go:85.48,87.3 1 1
github.com/state-alchemists/zaruba/dsl/keyvalidator.go:88.47,90.3 1 1
github.com/state-alchemists/zaruba/dsl/keyvalidator.go:91.50,93.3 1 1
github.com/state-alchemists/zaruba/dsl/keyvalidator.go:97.61,99.30 2 114
github.com/state-alchemists/zaruba/dsl/keyvalidator.go:111.2,111.12 1 113
github.com/state-alchemists/zaruba/dsl/keyvalidator.go:99.30,101.38 2 149
github.com/state-alchemists/zaruba/dsl/keyvalidator.go:107.3,107.15 1 149
github.com/state-alchemists/zaruba/dsl/keyvalidator.go:101.38,102.23 1 427
github.com/state-alchemists/zaruba/dsl/keyvalidator.go:102.23,104.10 2 148
github.com/state-alchemists/zaruba/dsl/keyvalidator.go:107.15,109.4 1 1
github.com/state-alchemists/zaruba/dsl/keyvalidator.go:114.58,116.56 2 111
github.com/state-alchemists/zaruba/dsl/keyvalidator.go:130.2,130.12 1 110
github.com/state-alchemists/zaruba/dsl/keyvalidator.go:116.56,117.25 1 161
github.com/state-alchemists/zaruba/dsl/keyvalidator.go:117.25,119.39 2 178
github.com/state-alchemists/zaruba/dsl/keyvalidator.go:125.4,125.14 1 178
github.com/state-alchemists/zaruba/dsl/keyvalidator.go:119.39,120.24 1 1986
github.com/state-alchemists/zaruba/dsl/keyvalidator.go:120.24,122.11 2 177
github.com/state-alchemists/zaruba/dsl/keyvalidator.go:125.14,127.5 1 1
github.com/state-alchemists/zaruba/dsl/keyvalidator.go:133.57,134.55 1 113
github.com/state-alchemists/zaruba/dsl/keyvalidator.go:139.2,139.12 1 112
github.com/state-alchemists/zaruba/dsl/keyvalidator.go:134.55,135.90 1 14
github.com/state-alchemists/zaruba/dsl/keyvalidator.go:135.90,137.4 1 1
github.com/state-alchemists/zaruba/dsl/keyvalidator.go:142.59,144.63 2 112
github.com/state-alchemists/zaruba/dsl/keyvalidator.go:158.2,158.12 1 111
github.com/state-alchemists/zaruba/dsl/keyvalidator.go:144.63,145.26 1 44
github.com/state-alchemists/zaruba/dsl/keyvalidator.go:145.26,147.39 2 17
github.com/state-alchemists/zaruba/dsl/keyvalidator.go:153.4,153.14 1 17
github.com/state-alchemists/zaruba/dsl/keyvalidator.go:147.39,148.24 1 61
github.com/state-alchemists/zaruba/dsl/keyvalidator.go:148.24,150.11 2 16
github.com/state-alchemists/zaruba/dsl/keyvalidator.go:153.14,155.5 1 1
github.com/state-alchemists/zaruba/dsl/keyvalidator.go:161.61,162.63 1 110
github.com/state-alchemists/zaruba/dsl/keyvalidator.go:167.2,167.12 1 109
github.com/state-alchemists/zaruba/dsl/keyvalidator.go:162.63,163.101 1 160
github.com/state-alchemists/zaruba/dsl/keyvalidator.go:163.101,165.4 1 1
github.com/state-alchemists/zaruba/dsl/keyvalidator.go:170.123,172.30 2 174
github.com/state-alchemists/zaruba/dsl/keyvalidator.go:186.2,186.12 1 172
github.com/state-alchemists/zaruba/dsl/keyvalidator.go:172.30,173.36 1 28
github.com/state-alchemists/zaruba/dsl/keyvalidator.go:173.36,175.39 2 41
github.com/state-alchemists/zaruba/dsl/keyvalidator.go:181.4,181.14 1 41
github.com/state-alchemists/zaruba/dsl/keyvalidator.go:175.39,176.24 1 69
github.com/state-alchemists/zaruba/dsl/keyvalidator.go:176.24,178.11 2 39
github.com/state-alchemists/zaruba/dsl/keyvalidator.go:181.14,183.5 1 2
github.com/state-alchemists/zaruba/dsl/taskUtil.go:20.86,30.2 6 121
github.com/state-alchemists/zaruba/dsl/taskUtil.go:32.102,34.16 2 0
github.com/state-alchemists/zaruba/dsl/taskUtil.go:37.2,37.53 1 0
github.com/state-alchemists/zaruba/dsl/taskUtil.go:34.16,36.3 1 0
github.com/state-alchemists/zaruba/dsl/taskUtil.go:40.103,42.16 2 0
github.com/state-alchemists/zaruba/dsl/taskUtil.go:45.2,45.18 1 0
github.com/state-alchemists/zaruba/dsl/taskUtil.go:42.16,44.3 1 0
github.com/state-alchemists/zaruba/dsl/taskUtil.go:48.90,50.16 2 0
github.com/state-alchemists/zaruba/dsl/taskUtil.go:53.2,54.16 2 0
github.com/state-alchemists/zaruba/dsl/taskUtil.go:57.2,57.28 1 0
github.com/state-alchemists/zaruba/dsl/taskUtil.go:50.16,52.3 1 0
github.com/state-alchemists/zaruba/dsl/taskUtil.go:54.16,56.3 1 0
github.com/state-alchemists/zaruba/dsl/taskUtil.go:60.89,62.16 2 0
github.com/state-alchemists/zaruba/dsl/taskUtil.go:65.2,66.19 2 0
github.com/state-alchemists/zaruba/dsl/taskUtil.go:62.16,64.3 1 0
github.com/state-alchemists/zaruba/dsl/taskUtil.go:69.122,70.35 1 0
github.com/state-alchemists/zaruba/dsl/taskUtil.go:73.2,74.16 2 0
github.com/state-alchemists/zaruba/dsl/taskUtil.go:77.2,77.57 1 0
github.com/state-alchemists/zaruba/dsl/taskUtil.go:82.2,84.16 3 0
github.com/state-alchemists/zaruba/dsl/taskUtil.go:88.2,89.57 2 0
github.com/state-alchemists/zaruba/dsl/taskUtil.go:92.2,93.59 2 0
github.com/state-alchemists/zaruba/dsl/taskUtil.go:121.2,121.72 1 0
github.com/state-alchemists/zaruba/dsl/taskUtil.go:70.35,72.3 1 0
github.com/state-alchemists/zaruba/dsl/taskUtil.go:74.16,76.3 1 0
github.com/state-alchemists/zaruba/dsl/taskUtil.go:77.57,78.85 1 0
github.com/state-alchemists/zaruba/dsl/taskUtil.go:78.85,80.4 1 0
github.com/state-alchemists/zaruba/dsl/taskUtil.go:84.16,86.3 1 0
github.com/state-alchemists/zaruba/dsl/taskUtil.go:89.57,91.3 1 0
github.com/state-alchemists/zaruba/dsl/taskUtil.go:93.59,96.64 3 0
github.com/state-alchemists/zaruba/dsl/taskUtil.go:96.64,97.85 1 0
github.com/state-alchemists/zaruba/dsl/taskUtil.go:97.85,100.73 3 0
github.com/state-alchemists/zaruba/dsl/taskUtil.go:100.73,101.97 1 0
github.com/state-alchemists/zaruba/dsl/taskUtil.go:110.6,116.159 3 0
github.com/state-alchemists/zaruba/dsl/taskUtil.go:101.97,104.91 3 0
github.com/state-alchemists/zaruba/dsl/taskUtil.go:104.91,108.8 3 0
github.com/state-alchemists/zaruba/dsl/taskUtil.go:124.113,125.31 1 0
github.com/state-alchemists/zaruba/dsl/taskUtil.go:128.2,129.16 2 0
github.com/state-alchemists/zaruba/dsl/taskUtil.go:132.2,132.49 1 0
github.com/state-alchemists/zaruba/dsl/taskUtil.go:137.2,139.16 3 0
github.com/state-alchemists/zaruba/dsl/taskUtil.go:143.2,144.49 2 0
github.com/state-alchemists/zaruba/dsl/taskUtil.go:147.2,148.59 2 0
github.com/state-alchemists/zaruba/dsl/taskUtil.go:206.2,206.72 1 0
github.com/state-alchemists/zaruba/dsl/taskUtil.go:125.31,127.3 1 0
github.com/state-alchemists/zaruba/dsl/taskUtil.go:129.16,131.3 1 0
github.com/state-alchemists/zaruba/dsl/taskUtil.go:132.49,133.73 1 0
github.com/state-alchemists/zaruba/dsl/taskUtil.go:133.73,135.4 1 0
github.com/state-alchemists/zaruba/dsl/taskUtil.go:139.16,141.3 1 0
github.com/state-alchemists/zaruba/dsl/taskUtil.go:144.49,146.3 1 0
github.com/state-alchemists/zaruba/dsl/taskUtil.go:148.59,151.64 3 0
github.com/state-alchemists/zaruba/dsl/taskUtil.go:151.64,153.85 1 0
github.com/state-alchemists/zaruba/dsl/taskUtil.go:153.85,156.73 3 0
github.com/state-alchemists/zaruba/dsl/taskUtil.go:156.73,159.97 2 0
github.com/state-alchemists/zaruba/dsl/taskUtil.go:174.6,174.97 1 0
github.com/state-alchemists/zaruba/dsl/taskUtil.go:185.6,185.49 1 0
github.com/state-alchemists/zaruba/dsl/taskUtil.go:195.6,201.159 3 0
github.com/state-alchemists/zaruba/dsl/taskUtil.go:159.97,162.44 3 0
github.com/state-alchemists/zaruba/dsl/taskUtil.go:162.44,166.54 4 0
github.com/state-alchemists/zaruba/dsl/taskUtil.go:169.8,170.13 2 0
github.com/state-alchemists/zaruba/dsl/taskUtil.go:166.54,168.9 1 0
github.com/state-alchemists/zaruba/dsl/taskUtil.go:174.97,178.86 3 0
github.com/state-alchemists/zaruba/dsl/taskUtil.go:178.86,182.8 3 0
github.com/state-alchemists/zaruba/dsl/taskUtil.go:185.49,193.7 3 0
github.com/state-alchemists/zaruba/dsl/projectUtil.go:21.92,30.2 4 121
github.com/state-alchemists/zaruba/dsl/projectUtil.go:32.94,34.11 2 0
github.com/state-alchemists/zaruba/dsl/projectUtil.go:37.2,39.16 3 0
github.com/state-alchemists/zaruba/dsl/projectUtil.go:42.2,43.16 2 0
github.com/state-alchemists/zaruba/dsl/projectUtil.go:46.2,46.21 1 0
github.com/state-alchemists/zaruba/dsl/projectUtil.go:34.11,36.3 1 0
github.com/state-alchemists/zaruba/dsl/projectUtil.go:39.16,41.3 1 0
github.com/state-alchemists/zaruba/dsl/projectUtil.go:43.16,45.3 1 0
github.com/state-alchemists/zaruba/dsl/projectUtil.go:49.89,50.15 1 0
github.com/state-alchemists/zaruba/dsl/projectUtil.go:53.2,53.20 1 0
github.com/state-alchemists/zaruba/dsl/projectUtil.go:56.2,57.16 2 0
github.com/state-alchemists/zaruba/dsl/projectUtil.go:60.2,62.16 3 0
github.com/state-alchemists/zaruba/dsl/projectUtil.go:65.2,65.47 1 0
github.com/state-alchemists/zaruba/dsl/projectUtil.go:86.2,86.12 1 0
github.com/state-alchemists/zaruba/dsl/projectUtil.go:50.15,52.3 1 0
github.com/state-alchemists/zaruba/dsl/projectUtil.go:53.20,55.3 1 0
github.com/state-alchemists/zaruba/dsl/projectUtil.go:57.16,59.3 1 0
github.com/state-alchemists/zaruba/dsl/projectUtil.go:62.16,64.3 1 0
github.com/state-alchemists/zaruba/dsl/projectUtil.go:65.47,67.17 2 0
github.com/state-alchemists/zaruba/dsl/projectUtil.go:70.3,71.65 2 0
github.com/state-alchemists/zaruba/dsl/projectUtil.go:74.3,75.100 2 0
github.com/state-alchemists/zaruba/dsl/projectUtil.go:78.3,79.17 2 0
github.com/state-alchemists/zaruba/dsl/projectUtil.go:82.3,82.80 1 0
github.com/state-alchemists/zaruba/dsl/projectUtil.go:67.17,69.4 1 0
github.com/state-alchemists/zaruba/dsl/projectUtil.go:71.65,73.4 1 0
github.com/state-alchemists/zaruba/dsl/projectUtil.go:75.100,77.4 1 0
github.com/state-alchemists/zaruba/dsl/projectUtil.go:79.17,81.4 1 0
github.com/state-alchemists/zaruba/dsl/projectUtil.go:82.80,84.4 1 0
github.com/state-alchemists/zaruba/dsl/projectUtil.go:89.98,91.16 2 0
github.com/state-alchemists/zaruba/dsl/projectUtil.go:94.2,98.59 3 0
github.com/state-alchemists/zaruba/dsl/projectUtil.go:107.2,114.161 5 0
github.com/state-alchemists/zaruba/dsl/projectUtil.go:91.16,93.3 1 0
github.com/state-alchemists/zaruba/dsl/projectUtil.go:98.59,101.67 3 0
github.com/state-alchemists/zaruba/dsl/projectUtil.go:101.67,105.4 3 0
github.com/state-alchemists/zaruba/dsl/projectUtil.go:117.101,119.16 2 0
github.com/state-alchemists/zaruba/dsl/projectUtil.go:122.2,127.59 4 0
github.com/state-alchemists/zaruba/dsl/projectUtil.go:142.2,154.158 3 0
github.com/state-alchemists/zaruba/dsl/projectUtil.go:119.16,121.3 1 0
github.com/state-alchemists/zaruba/dsl/projectUtil.go:127.59,130.64 3 0
github.com/state-alchemists/zaruba/dsl/projectUtil.go:130.64,131.85 1 0
github.com/state-alchemists/zaruba/dsl/projectUtil.go:136.4,138.160 3 0
github.com/state-alchemists/zaruba/dsl/projectUtil.go:131.85,132.57 1 0
github.com/state-alchemists/zaruba/dsl/projectUtil.go:132.57,134.6 1 0
github.com/state-alchemists/zaruba/dsl/projectUtil.go:157.78,159.16 2 0
github.com/state-alchemists/zaruba/dsl/projectUtil.go:162.2,163.16 2 0
github.com/state-alchemists/zaruba/dsl/projectUtil.go:166.2,166.43 1 0
github.com/state-alchemists/zaruba/dsl/projectUtil.go:190.2,190.12 1 0
github.com/state-alchemists/zaruba/dsl/projectUtil.go:159.16,161.3 1 0
github.com/state-alchemists/zaruba/dsl/projectUtil.go:163.16,165.3 1 0
github.com/state-alchemists/zaruba/dsl/projectUtil.go:166.43,168.17 2 0
github.com/state-alchemists/zaruba/dsl/projectUtil.go:171.3,171.38 1 0
github.com/state-alchemists/zaruba/dsl/projectUtil.go:188.3,188.42 1 0
github.com/state-alchemists/zaruba/dsl/projectUtil.go:168.17,170.4 1 0
github.com/state-alchemists/zaruba/dsl/projectUtil.go:171.38,172.45 1 0
github.com/state-alchemists/zaruba/dsl/projectUtil.go:172.45,174.18 2 0
github.com/state-alchemists/zaruba/dsl/projectUtil.go:177.5,178.22 2 0
github.com/state-alchemists/zaruba/dsl/projectUtil.go:181.5,181.53 1 0
github.com/state-alchemists/zaruba/dsl/projectUtil.go:184.5,185.37 2 0
github.com/state-alchemists/zaruba/dsl/projectUtil.go:174.18,175.14 1 0
github.com/state-alchemists/zaruba/dsl/projectUtil.go:178.22,179.14 1 0
github.com/state-alchemists/zaruba/dsl/projectUtil.go:181.53,182.14 1 0
github.com/state-alchemists/zaruba/dsl/projectUtil.go:193.78,195.16 2 0
github.com/state-alchemists/zaruba/dsl/projectUtil.go:198.2,198.37 1 0
github.com/state-alchemists/zaruba/dsl/projectUtil.go:205.2,205.12 1 0
github.com/state-alchemists/zaruba/dsl/projectUtil.go:195.16,197.3 1 0
github.com/state-alchemists/zaruba/dsl/projectUtil.go:198.37,201.17 3 0
github.com/state-alchemists/zaruba/dsl/projectUtil.go:201.17,203.4 1 0
github.com/state-alchemists/zaruba/dsl/taskConfigUtil.go:14.60,18.2 1 121
github.com/state-alchemists/zaruba/dsl/taskConfigUtil.go:20.117,21.25 1 0
github.com/state-alchemists/zaruba/dsl/taskConfigUtil.go:24.2,25.16 2 0
github.com/state-alchemists/zaruba/dsl/taskConfigUtil.go:28.2,29.25 2 0
github.com/state-alchemists/zaruba/dsl/taskConfigUtil.go:34.2,34.86 1 0
github.com/state-alchemists/zaruba/dsl/taskConfigUtil.go:21.25,23.3 1 0
github.com/state-alchemists/zaruba/dsl/taskConfigUtil.go:25.16,27.3 1 0
github.com/state-alchemists/zaruba/dsl/taskConfigUtil.go:29.25,32.3 1 0
github.com/state-alchemists/zaruba/dsl/taskConfigUtil.go:37.92,41.16 4 0
github.com/state-alchemists/zaruba/dsl/taskConfigUtil.go:44.2,45.59 2 0
github.com/state-alchemists/zaruba/dsl/taskConfigUtil.go:73.2,73.72 1 0
github.com/state-alchemists/zaruba/dsl/taskConfigUtil.go:41.16,43.3 1 0
github.com/state-alchemists/zaruba/dsl/taskConfigUtil.go:45.59,48.64 3 0
github.com/state-alchemists/zaruba/dsl/taskConfigUtil.go:48.64,49.85 1 0
github.com/state-alchemists/zaruba/dsl/taskConfigUtil.go:49.85,52.73 3 0
github.com/state-alchemists/zaruba/dsl/taskConfigUtil.go:52.73,53.97 1 0
github.com/state-alchemists/zaruba/dsl/taskConfigUtil.go:62.6,68.166 3 0
github.com/state-alchemists/zaruba/dsl/taskConfigUtil.go:53.97,56.86 3 0
github.com/state-alchemists/zaruba/dsl/taskConfigUtil.go:56.86,59.8 2 0
github.com/state-alchemists/zaruba/dsl/taskConfigUtil.go:76.112,80.16 4 0
github.com/state-alchemists/zaruba/dsl/taskConfigUtil.go:83.2,84.59 2 0
github.com/state-alchemists/zaruba/dsl/taskConfigUtil.go:98.2,98.82 1 0
github.com/state-alchemists/zaruba/dsl/taskConfigUtil.go:80.16,82.3 1 0
github.com/state-alchemists/zaruba/dsl/taskConfigUtil.go:84.59,87.66 3 0
github.com/state-alchemists/zaruba/dsl/taskConfigUtil.go:87.66,88.100 1 0
github.com/state-alchemists/zaruba/dsl/taskConfigUtil.go:88.100,91.88 3 0
github.com/state-alchemists/zaruba/dsl/taskConfigUtil.go:91.88,94.6 2 0
github.com/state-alchemists/zaruba/dsl/taskConfigUtil.go:101.110,103.46 2 0
github.com/state-alchemists/zaruba/dsl/taskConfigUtil.go:103.46,105.93 2 0
github.com/state-alchemists/zaruba/dsl/taskConfigUtil.go:116.3,116.22 1 0
github.com/state-alchemists/zaruba/dsl/taskConfigUtil.go:105.93,109.40 3 0
github.com/state-alchemists/zaruba/dsl/taskConfigUtil.go:109.40,112.10 3 0
github.com/state-alchemists/zaruba/dsl/taskConfigUtil.go:116.22,118.4 1 0
github.com/state-alchemists/zaruba/dsl/taskConfigUtil.go:122.95,124.46 2 0
github.com/state-alchemists/zaruba/dsl/taskConfigUtil.go:130.2,130.68 1 0
github.com/state-alchemists/zaruba/dsl/taskConfigUtil.go:124.46,129.3 1 0
github.com/state-alchemists/zaruba/dsl/taskConfigUtil.go:133.94,138.2 1 0
github.com/state-alchemists/zaruba/dsl/taskEnvUtil.go:19.54,23.2 1 121
github.com/state-alchemists/zaruba/dsl/taskEnvUtil.go:25.76,27.16 2 0
github.com/state-alchemists/zaruba/dsl/taskEnvUtil.go:30.2,30.30 1 0
github.com/state-alchemists/zaruba/dsl/taskEnvUtil.go:33.2,35.54 3 0
github.com/state-alchemists/zaruba/dsl/taskEnvUtil.go:38.2,39.60 2 0
github.com/state-alchemists/zaruba/dsl/taskEnvUtil.go:42.2,43.16 2 0
github.com/state-alchemists/zaruba/dsl/taskEnvUtil.go:46.2,47.22 2 0
github.com/state-alchemists/zaruba/dsl/taskEnvUtil.go:59.2,60.25 2 0
github.com/state-alchemists/zaruba/dsl/taskEnvUtil.go:63.2,63.74 1 0
github.com/state-alchemists/zaruba/dsl/taskEnvUtil.go:27.16,29.3 1 0
github.com/state-alchemists/zaruba/dsl/taskEnvUtil.go:30.30,32.3 1 0
github.com/state-alchemists/zaruba/dsl/taskEnvUtil.go:35.54,37.3 1 0
github.com/state-alchemists/zaruba/dsl/taskEnvUtil.go:39.60,41.3 1 0
github.com/state-alchemists/zaruba/dsl/taskEnvUtil.go:43.16,45.3 1 0
github.com/state-alchemists/zaruba/dsl/taskEnvUtil.go:47.22,50.26 2 0
github.com/state-alchemists/zaruba/dsl/taskEnvUtil.go:53.3,53.53 1 0
github.com/state-alchemists/zaruba/dsl/taskEnvUtil.go:56.3,56.13 1 0
github.com/state-alchemists/zaruba/dsl/taskEnvUtil.go:50.26,52.4 1 0
github.com/state-alchemists/zaruba/dsl/taskEnvUtil.go:53.53,55.4 1 0
github.com/state-alchemists/zaruba/dsl/taskEnvUtil.go:60.25,62.3 1 0
github.com/state-alchemists/zaruba/dsl/taskEnvUtil.go:66.108,67.22 1 0
github.com/state-alchemists/zaruba/dsl/taskEnvUtil.go:70.2,71.16 2 0
github.com/state-alchemists/zaruba/dsl/taskEnvUtil.go:75.2,75.71 1 0
github.com/state-alchemists/zaruba/dsl/taskEnvUtil.go:78.2,79.22 2 0
github.com/state-alchemists/zaruba/dsl/taskEnvUtil.go:84.2,84.71 1 0
github.com/state-alchemists/zaruba/dsl/taskEnvUtil.go:67.22,69.3 1 0
github.com/state-alchemists/zaruba/dsl/taskEnvUtil.go:71.16,73.3 1 0
github.com/state-alchemists/zaruba/dsl/taskEnvUtil.go:75.71,77.3 1 0
github.com/state-alchemists/zaruba/dsl/taskEnvUtil.go:79.22,82.3 1 0
github.com/state-alchemists/zaruba/dsl/taskEnvUtil.go:87.112,89.16 2 0
github.com/state-alchemists/zaruba/dsl/taskEnvUtil.go:92.2,92.43 1 0
github.com/state-alchemists/zaruba/dsl/taskEnvUtil.go:118.2,118.12 1 0
github.com/state-alchemists/zaruba/dsl/taskEnvUtil.go:89.16,91.3 1 0
github.com/state-alchemists/zaruba/dsl/taskEnvUtil.go:92.43,94.17 2 0
github.com/state-alchemists/zaruba/dsl/taskEnvUtil.go:97.3,97.30 1 0
github.com/state-alchemists/zaruba/dsl/taskEnvUtil.go:116.3,116.42 1 0
github.com/state-alchemists/zaruba/dsl/taskEnvUtil.go:94.17,96.4 1 0
github.com/state-alchemists/zaruba/dsl/taskEnvUtil.go:97.30,100.17 3 0
github.com/state-alchemists/zaruba/dsl/taskEnvUtil.go:103.4,104.21 2 0
github.com/state-alchemists/zaruba/dsl/taskEnvUtil.go:107.4,107.53 1 0
github.com/state-alchemists/zaruba/dsl/taskEnvUtil.go:110.4,112.43 3 0
github.com/state-alchemists/zaruba/dsl/taskEnvUtil.go:100.17,101.13 1 0
github.com/state-alchemists/zaruba/dsl/taskEnvUtil.go:104.21,105.13 1 0
github.com/state-alchemists/zaruba/dsl/taskEnvUtil.go:107.53,108.13 1 0
github.com/state-alchemists/zaruba/dsl/taskEnvUtil.go:112.43,114.5 1 0
github.com/state-alchemists/zaruba/dsl/taskEnvUtil.go:121.83,126.16 5 0
github.com/state-alchemists/zaruba/dsl/taskEnvUtil.go:129.2,130.59 2 0
github.com/state-alchemists/zaruba/dsl/taskEnvUtil.go:158.2,158.72 1 0
github.com/state-alchemists/zaruba/dsl/taskEnvUtil.go:126.16,128.3 1 0
github.com/state-alchemists/zaruba/dsl/taskEnvUtil.go:130.59,133.64 3 0
github.com/state-alchemists/zaruba/dsl/taskEnvUtil.go:133.64,134.85 1 0
github.com/state-alchemists/zaruba/dsl/taskEnvUtil.go:134.85,137.73 3 0
github.com/state-alchemists/zaruba/dsl/taskEnvUtil.go:137.73,138.97 1 0
github.com/state-alchemists/zaruba/dsl/taskEnvUtil.go:147.6,153.163 3 0
github.com/state-alchemists/zaruba/dsl/taskEnvUtil.go:138.97,141.83 3 0
github.com/state-alchemists/zaruba/dsl/taskEnvUtil.go:141.83,144.8 2 0
github.com/state-alchemists/zaruba/dsl/taskEnvUtil.go:161.94,167.16 6 0
github.com/state-alchemists/zaruba/dsl/taskEnvUtil.go:170.2,171.59 2 0
github.com/state-alchemists/zaruba/dsl/taskEnvUtil.go:185.2,185.76 1 0
github.com/state-alchemists/zaruba/dsl/taskEnvUtil.go:167.16,169.3 1 0
github.com/state-alchemists/zaruba/dsl/taskEnvUtil.go:171.59,174.63 3 0
github.com/state-alchemists/zaruba/dsl/taskEnvUtil.go:174.63,175.91 1 0
github.com/state-alchemists/zaruba/dsl/taskEnvUtil.go:175.91,178.79 3 0
github.com/state-alchemists/zaruba/dsl/taskEnvUtil.go:178.79,181.6 2 0
github.com/state-alchemists/zaruba/dsl/taskEnvUtil.go:188.113,191.33 3 0
github.com/state-alchemists/zaruba/dsl/taskEnvUtil.go:191.33,194.81 3 0
github.com/state-alchemists/zaruba/dsl/taskEnvUtil.go:224.3,224.19 1 0
github.com/state-alchemists/zaruba/dsl/taskEnvUtil.go:194.81,198.34 3 0
github.com/state-alchemists/zaruba/dsl/taskEnvUtil.go:198.34,201.95 3 0
github.com/state-alchemists/zaruba/dsl/taskEnvUtil.go:213.5,213.22 1 0
github.com/state-alchemists/zaruba/dsl/taskEnvUtil.go:216.5,216.25 1 0
github.com/state-alchemists/zaruba/dsl/taskEnvUtil.go:219.5,220.10 2 0
github.com/state-alchemists/zaruba/dsl/taskEnvUtil.go:201.95,204.34 3 0
github.com/state-alchemists/zaruba/dsl/taskEnvUtil.go:205.18,207.26 2 0
github.com/state-alchemists/zaruba/dsl/taskEnvUtil.go:208.21,210.29 2 0
github.com/state-alchemists/zaruba/dsl/taskEnvUtil.go:213.22,215.6 1 0
github.com/state-alchemists/zaruba/dsl/taskEnvUtil.go:216.25,218.6 1 0
github.com/state-alchemists/zaruba/dsl/taskEnvUtil.go:224.19,226.4 1 0
github.com/state-alchemists/zaruba/dsl/taskEnvUtil.go:230.101,233.33 3 0
github.com/state-alchemists/zaruba/dsl/taskEnvUtil.go:240.2,240.65 1 0
github.com/state-alchemists/zaruba/dsl/taskEnvUtil.go:233.33,239.3 2 0
github.com/state-alchemists/zaruba/dsl/taskEnvUtil.go:243.90,254.2 1 0
github.com/state-alchemists/zaruba/dsl/taskEnvUtil.go:256.86,262.2 2 0
github.com/state-alchemists/zaruba/dsl/taskEnvUtil.go:264.78,269.2 1 0
github.com/state-alchemists/zaruba/dsl/taskEnvUtil.go:271.77,272.43 1 0
github.com/state-alchemists/zaruba/dsl/taskEnvUtil.go:275.2,275.15 1 0
github.com/state-alchemists/zaruba/dsl/taskEnvUtil.go:272.43,274.3 1 0
github.com/state-alchemists/zaruba/dsl/taskEnvUtil.go:278.152,280.45 2 0
github.com/state-alchemists/zaruba/dsl/taskEnvUtil.go:286.2,286.25 1 0
github.com/state-alchemists/zaruba/dsl/taskEnvUtil.go:280.45,281.48 1 0
github.com/state-alchemists/zaruba/dsl/taskEnvUtil.go:284.3,284.36 1 0
github.com/state-alchemists/zaruba/dsl/taskEnvUtil.go:281.48,282.12 1 0
github.com/state-alchemists/zaruba/dsl/tpl.go:31.35,33.22 2 133
github.com/state-alchemists/zaruba/dsl/tpl.go:37.2,53.3 3 133
github.com/state-alchemists/zaruba/dsl/tpl.go:33.22,36.3 2 0
github.com/state-alchemists/zaruba/dsl/tpl.go:56.59,58.2 1 6
github.com/state-alchemists/zaruba/dsl/tpl.go:60.59,62.2 1 2
github.com/state-alchemists/zaruba/dsl/tpl.go:64.62,66.2 1 0
github.com/state-alchemists/zaruba/dsl/tpl.go:68.63,70.2 1 104
github.com/state-alchemists/zaruba/dsl/tpl.go:72.91,74.2 1 0
github.com/state-alchemists/zaruba/dsl/tpl.go:76.34,80.29 4 0
github.com/state-alchemists/zaruba/dsl/tpl.go:94.2,94.14 1 0
github.com/state-alchemists/zaruba/dsl/tpl.go:80.29,82.17 2 0
github.com/state-alchemists/zaruba/dsl/tpl.go:85.3,86.25 2 0
github.com/state-alchemists/zaruba/dsl/tpl.go:91.3,92.30 2 0
github.com/state-alchemists/zaruba/dsl/tpl.go:82.17,83.12 1 0
github.com/state-alchemists/zaruba/dsl/tpl.go:86.25,89.12 3 0
github.com/state-alchemists/zaruba/dsl/tpl.go:97.74,103.27 6 1
github.com/state-alchemists/zaruba/dsl/tpl.go:115.2,115.24 1 1
github.com/state-alchemists/zaruba/dsl/tpl.go:118.2,118.16 1 1
github.com/state-alchemists/zaruba/dsl/tpl.go:103.27,104.46 1 2
github.com/state-alchemists/zaruba/dsl/tpl.go:107.3,108.21 2 2
github.com/state-alchemists/zaruba/dsl/tpl.go:111.3,113.22 3 2
github.com/state-alchemists/zaruba/dsl/tpl.go:104.46,105.12 1 0
github.com/state-alchemists/zaruba/dsl/tpl.go:108.21,109.12 1 0
github.com/state-alchemists/zaruba/dsl/tpl.go:115.24,117.3 1 2
github.com/state-alchemists/zaruba/dsl/tpl.go:121.66,123.2 1 2
github.com/state-alchemists/zaruba/dsl/tpl.go:125.60,127.2 1 2
github.com/state-alchemists/zaruba/dsl/tpl.go:129.68,131.2 1 1
github.com/state-alchemists/zaruba/dsl/tpl.go:133.55,135.2 1 0
github.com/state-alchemists/zaruba/dsl/tpl.go:137.45,140.42 3 0
github.com/state-alchemists/zaruba/dsl/tpl.go:143.2,144.27 2 0
github.com/state-alchemists/zaruba/dsl/tpl.go:148.2,148.29 1 0
github.com/state-alchemists/zaruba/dsl/tpl.go:151.2,151.65 1 0
github.com/state-alchemists/zaruba/dsl/tpl.go:140.42,142.3 1 0
github.com/state-alchemists/zaruba/dsl/tpl.go:144.27,147.3 2 0
github.com/state-alchemists/zaruba/dsl/tpl.go:148.29,150.3 1 0
github.com/state-alchemists/zaruba/dsl/tpl.go:154.74,157.16 3 4
github.com/state-alchemists/zaruba/dsl/tpl.go:160.2,162.16 3 3
github.com/state-alchemists/zaruba/dsl/tpl.go:165.2,166.45 2 2
github.com/state-alchemists/zaruba/dsl/tpl.go:169.2,169.24 1 1
github.com/state-alchemists/zaruba/dsl/tpl.go:157.16,159.3 1 1
github.com/state-alchemists/zaruba/dsl/tpl.go:162.16,164.3 1 1
github.com/state-alchemists/zaruba/dsl/tpl.go:166.45,168.3 1 1
github.com/state-alchemists/zaruba/dsl/tpl.go:172.62,174.2 1 0
github.com/state-alchemists/zaruba/dsl/tpl.go:176.70,177.26 1 8
github.com/state-alchemists/zaruba/dsl/tpl.go:180.2,181.43 2 6
github.com/state-alchemists/zaruba/dsl/tpl.go:177.26,179.3 1 2
github.com/state-alchemists/zaruba/dsl/variable.go:23.51,25.2 1 1
github.com/state-alchemists/zaruba/dsl/variable.go:28.59,29.28 1 18
github.com/state-alchemists/zaruba/dsl/variable.go:32.2,33.16 2 7
github.com/state-alchemists/zaruba/dsl/variable.go:36.2,36.12 1 6
github.com/state-alchemists/zaruba/dsl/variable.go:39.2,39.12 1 3
github.com/state-alchemists/zaruba/dsl/variable.go:29.28,31.3 1 11
github.com/state-alchemists/zaruba/dsl/variable.go:33.16,35.3 1 1
github.com/state-alchemists/zaruba/dsl/variable.go:36.12,38.3 1 3
github.com/state-alchemists/zaruba/dsl/project.go:48.68,50.2 1 0
github.com/state-alchemists/zaruba/dsl/project.go:52.110,54.73 2 0
github.com/state-alchemists/zaruba/dsl/project.go:60.2,60.80 1 0
github.com/state-alchemists/zaruba/dsl/project.go:54.73,55.19 1 0
github.com/state-alchemists/zaruba/dsl/project.go:58.3,58.52 1 0
github.com/state-alchemists/zaruba/dsl/project.go:55.19,56.12 1 0
github.com/state-alchemists/zaruba/dsl/project.go:64.142,66.16 2 107
github.com/state-alchemists/zaruba/dsl/project.go:69.2,83.40 15 90
github.com/state-alchemists/zaruba/dsl/project.go:86.2,86.45 1 77
github.com/state-alchemists/zaruba/dsl/project.go:90.2,90.15 1 77
github.com/state-alchemists/zaruba/dsl/project.go:66.16,68.3 1 17
github.com/state-alchemists/zaruba/dsl/project.go:83.40,85.3 1 13
github.com/state-alchemists/zaruba/dsl/project.go:86.45,89.3 2 134
github.com/state-alchemists/zaruba/dsl/project.go:93.110,95.16 2 121
github.com/state-alchemists/zaruba/dsl/project.go:98.2,99.16 2 121
github.com/state-alchemists/zaruba/dsl/project.go:102.2,109.44 7 108
github.com/state-alchemists/zaruba/dsl/project.go:112.2,112.15 1 103
github.com/state-alchemists/zaruba/dsl/project.go:95.16,97.3 1 0
github.com/state-alchemists/zaruba/dsl/project.go:99.16,101.3 1 13
github.com/state-alchemists/zaruba/dsl/project.go:109.44,111.3 1 5
github.com/state-alchemists/zaruba/dsl/project.go:115.81,116.23 1 121
github.com/state-alchemists/zaruba/dsl/project.go:119.2,119.48 1 121
github.com/state-alchemists/zaruba/dsl/project.go:116.23,118.3 1 0
github.com/state-alchemists/zaruba/dsl/project.go:122.70,136.29 2 121
github.com/state-alchemists/zaruba/dsl/project.go:139.2,141.16 3 121
github.com/state-alchemists/zaruba/dsl/project.go:144.2,144.44 1 109
github.com/state-alchemists/zaruba/dsl/project.go:147.2,147.15 1 108
github.com/state-alchemists/zaruba/dsl/project.go:136.29,138.3 1 0
github.com/state-alchemists/zaruba/dsl/project.go:141.16,143.3 1 12
github.com/state-alchemists/zaruba/dsl/project.go:144.44,146.3 1 1
github.com/state-alchemists/zaruba/dsl/project.go:150.79,151.41 1 108
github.com/state-alchemists/zaruba/dsl/project.go:151.41,152.38 1 0
github.com/state-alchemists/zaruba/dsl/project.go:155.3,156.40 2 0
github.com/state-alchemists/zaruba/dsl/project.go:159.3,160.45 2 0
github.com/state-alchemists/zaruba/dsl/project.go:167.3,167.32 1 0
github.com/state-alchemists/zaruba/dsl/project.go:152.38,153.12 1 0
github.com/state-alchemists/zaruba/dsl/project.go:156.40,157.12 1 0
github.com/state-alchemists/zaruba/dsl/project.go:160.45,162.44 2 0
github.com/state-alchemists/zaruba/dsl/project.go:162.44,164.10 2 0
github.com/state-alchemists/zaruba/dsl/project.go:167.32,169.4 1 0
github.com/state-alchemists/zaruba/dsl/project.go:173.53,175.2 1 7
github.com/state-alchemists/zaruba/dsl/project.go:178.43,179.18 1 135
github.com/state-alchemists/zaruba/dsl/project.go:182.2,182.38 1 134
github.com/state-alchemists/zaruba/dsl/project.go:179.18,181.3 1 1
github.com/state-alchemists/zaruba/dsl/project.go:186.59,188.2 1 0
github.com/state-alchemists/zaruba/dsl/project.go:190.49,191.26 1 418
github.com/state-alchemists/zaruba/dsl/project.go:195.2,195.37 1 418
github.com/state-alchemists/zaruba/dsl/project.go:191.26,194.3 2 0
github.com/state-alchemists/zaruba/dsl/project.go:199.69,201.2 1 1
github.com/state-alchemists/zaruba/dsl/project.go:204.67,206.2 1 1
github.com/state-alchemists/zaruba/dsl/project.go:209.58,211.2 1 1
github.com/state-alchemists/zaruba/dsl/project.go:214.55,216.2 1 9
github.com/state-alchemists/zaruba/dsl/project.go:219.57,222.2 2 9
github.com/state-alchemists/zaruba/dsl/project.go:225.53,226.21 1 5
github.com/state-alchemists/zaruba/dsl/project.go:229.2,232.64 3 4
github.com/state-alchemists/zaruba/dsl/project.go:240.2,240.52 1 4
github.com/state-alchemists/zaruba/dsl/project.go:244.2,245.25 2 3
github.com/state-alchemists/zaruba/dsl/project.go:251.2,251.46 1 0
github.com/state-alchemists/zaruba/dsl/project.go:226.21,228.3 1 1
github.com/state-alchemists/zaruba/dsl/project.go:232.64,233.27 1 0
github.com/state-alchemists/zaruba/dsl/project.go:237.3,237.13 1 0
github.com/state-alchemists/zaruba/dsl/project.go:233.27,236.4 2 0
github.com/state-alchemists/zaruba/dsl/project.go:240.52,242.3 1 1
github.com/state-alchemists/zaruba/dsl/project.go:245.25,250.3 4 3
github.com/state-alchemists/zaruba/dsl/project.go:254.52,256.2 1 0
github.com/state-alchemists/zaruba/dsl/project.go:259.57,260.21 1 14
github.com/state-alchemists/zaruba/dsl/project.go:263.2,266.68 3 13
github.com/state-alchemists/zaruba/dsl/project.go:274.2,274.54 1 13
github.com/state-alchemists/zaruba/dsl/project.go:289.2,290.25 2 6
github.com/state-alchemists/zaruba/dsl/project.go:296.2,296.50 1 1
github.com/state-alchemists/zaruba/dsl/project.go:260.21,262.3 1 1
github.com/state-alchemists/zaruba/dsl/project.go:266.68,267.29 1 0
github.com/state-alchemists/zaruba/dsl/project.go:271.3,271.13 1 0
github.com/state-alchemists/zaruba/dsl/project.go:267.29,270.4 2 0
github.com/state-alchemists/zaruba/dsl/project.go:274.54,276.17 2 7
github.com/state-alchemists/zaruba/dsl/project.go:279.3,280.53 2 7
github.com/state-alchemists/zaruba/dsl/project.go:283.3,283.35 1 6
github.com/state-alchemists/zaruba/dsl/project.go:286.3,286.13 1 6
github.com/state-alchemists/zaruba/dsl/project.go:276.17,278.4 1 0
github.com/state-alchemists/zaruba/dsl/project.go:280.53,282.4 1 1
github.com/state-alchemists/zaruba/dsl/project.go:283.35,285.4 1 9
github.com/state-alchemists/zaruba/dsl/project.go:290.25,295.3 4 5
github.com/state-alchemists/zaruba/dsl/project.go:300.59,301.21 1 9
github.com/state-alchemists/zaruba/dsl/project.go:304.2,306.12 3 8
github.com/state-alchemists/zaruba/dsl/project.go:301.21,303.3 1 1
github.com/state-alchemists/zaruba/dsl/project.go:309.54,311.2 1 0
github.com/state-alchemists/zaruba/dsl/project.go:313.47,315.2 1 47
github.com/state-alchemists/zaruba/dsl/project.go:318.111,321.37 3 306
github.com/state-alchemists/zaruba/dsl/project.go:346.2,346.32 1 305
github.com/state-alchemists/zaruba/dsl/project.go:321.37,323.17 2 154
github.com/state-alchemists/zaruba/dsl/project.go:327.3,330.50 4 153
github.com/state-alchemists/zaruba/dsl/project.go:338.3,338.41 1 153
github.com/state-alchemists/zaruba/dsl/project.go:323.17,325.4 1 1
github.com/state-alchemists/zaruba/dsl/project.go:330.50,332.65 2 2
github.com/state-alchemists/zaruba/dsl/project.go:332.65,335.5 2 2
github.com/state-alchemists/zaruba/dsl/project.go:338.41,340.65 2 4
github.com/state-alchemists/zaruba/dsl/project.go:340.65,343.5 2 4
github.com/state-alchemists/zaruba/dsl/project.go:350.38,351.35 1 67
github.com/state-alchemists/zaruba/dsl/project.go:366.2,367.12 2 66
github.com/state-alchemists/zaruba/dsl/project.go:351.35,354.24 2 30
github.com/state-alchemists/zaruba/dsl/project.go:362.3,364.38 3 29
github.com/state-alchemists/zaruba/dsl/project.go:354.24,355.54 1 20
github.com/state-alchemists/zaruba/dsl/project.go:355.54,356.54 1 12
github.com/state-alchemists/zaruba/dsl/project.go:356.54,358.6 1 1
github.com/state-alchemists/zaruba/dsl/project.go:370.77,371.37 1 0
github.com/state-alchemists/zaruba/dsl/project.go:376.2,376.13 1 0
github.com/state-alchemists/zaruba/dsl/project.go:371.37,372.44 1 0
github.com/state-alchemists/zaruba/dsl/project.go:372.44,374.4 1 0
github.com/state-alchemists/zaruba/dsl/project.go:380.71,381.37 1 3
github.com/state-alchemists/zaruba/dsl/project.go:395.2,395.12 1 1
github.com/state-alchemists/zaruba/dsl/project.go:381.37,383.17 2 3
github.com/state-alchemists/zaruba/dsl/project.go:386.3,386.41 1 2
github.com/state-alchemists/zaruba/dsl/project.go:383.17,385.4 1 1
github.com/state-alchemists/zaruba/dsl/project.go:386.41,388.60 2 2
github.com/state-alchemists/zaruba/dsl/project.go:388.60,389.48 1 2
github.com/state-alchemists/zaruba/dsl/project.go:389.48,391.6 1 1
github.com/state-alchemists/zaruba/dsl/project.go:398.76,401.16 3 0
github.com/state-alchemists/zaruba/dsl/project.go:404.2,405.29 2 0
github.com/state-alchemists/zaruba/dsl/project.go:416.2,416.28 1 0
github.com/state-alchemists/zaruba/dsl/project.go:401.16,403.3 1 0
github.com/state-alchemists/zaruba/dsl/project.go:405.29,407.12 2 0
github.com/state-alchemists/zaruba/dsl/project.go:410.3,411.90 2 0
github.com/state-alchemists/zaruba/dsl/project.go:414.3,414.79 1 0
github.com/state-alchemists/zaruba/dsl/project.go:407.12,408.12 1 0
github.com/state-alchemists/zaruba/dsl/project.go:411.90,412.12 1 0
github.com/state-alchemists/zaruba/dsl/project.go:419.72,422.16 3 0
github.com/state-alchemists/zaruba/dsl/project.go:425.2,426.29 2 0
github.com/state-alchemists/zaruba/dsl/project.go:437.2,437.26 1 0
github.com/state-alchemists/zaruba/dsl/project.go:422.16,424.3 1 0
github.com/state-alchemists/zaruba/dsl/project.go:426.29,428.12 2 0
github.com/state-alchemists/zaruba/dsl/project.go:431.3,432.92 2 0
github.com/state-alchemists/zaruba/dsl/project.go:435.3,435.75 1 0
github.com/state-alchemists/zaruba/dsl/project.go:428.12,429.12 1 0
github.com/state-alchemists/zaruba/dsl/project.go:432.92,433.12 1 0
github.com/state-alchemists/zaruba/dsl/project.go:440.41,441.52 1 108
github.com/state-alchemists/zaruba/dsl/project.go:441.52,447.3 1 12
github.com/state-alchemists/zaruba/dsl/project.go:450.44,451.61 1 108
github.com/state-alchemists/zaruba/dsl/project.go:451.61,457.3 1 12
github.com/state-alchemists/zaruba/dsl/project.go:460.41,461.31 1 108
github.com/state-alchemists/zaruba/dsl/project.go:461.31,463.3 1 156
github.com/state-alchemists/zaruba/dsl/project.go:466.42,467.33 1 108
github.com/state-alchemists/zaruba/dsl/project.go:467.33,469.3 1 42
github.com/state-alchemists/zaruba/dsl/project.go:472.38,473.41 1 90
github.com/state-alchemists/zaruba/dsl/project.go:473.41,475.3 1 39
github.com/state-alchemists/zaruba/dsl/project.go:478.46,479.46 1 90
github.com/state-alchemists/zaruba/dsl/project.go:482.2,482.52 1 87
github.com/state-alchemists/zaruba/dsl/project.go:485.2,485.47 1 86
github.com/state-alchemists/zaruba/dsl/project.go:488.2,488.46 1 84
github.com/state-alchemists/zaruba/dsl/project.go:491.2,491.46 1 83
github.com/state-alchemists/zaruba/dsl/project.go:494.2,494.49 1 80
github.com/state-alchemists/zaruba/dsl/project.go:497.2,497.52 1 77
github.com/state-alchemists/zaruba/dsl/project.go:500.2,500.12 1 77
github.com/state-alchemists/zaruba/dsl/project.go:479.46,481.3 1 3
github.com/state-alchemists/zaruba/dsl/project.go:482.52,484.3 1 1
github.com/state-alchemists/zaruba/dsl/project.go:485.47,487.3 1 2
github.com/state-alchemists/zaruba/dsl/project.go:488.46,490.3 1 1
github.com/state-alchemists/zaruba/dsl/project.go:491.46,493.3 1 3
github.com/state-alchemists/zaruba/dsl/project.go:494.49,496.3 1 3
github.com/state-alchemists/zaruba/dsl/project.go:497.52,499.3 1 0
github.com/state-alchemists/zaruba/dsl/project.go:503.58,504.31 1 77
github.com/state-alchemists/zaruba/dsl/project.go:511.2,511.12 1 77
github.com/state-alchemists/zaruba/dsl/project.go:504.31,507.36 3 134
github.com/state-alchemists/zaruba/dsl/project.go:507.36,509.4 1 0
github.com/state-alchemists/zaruba/dsl/project.go:514.53,515.31 1 86
github.com/state-alchemists/zaruba/dsl/project.go:522.2,522.12 1 84
github.com/state-alchemists/zaruba/dsl/project.go:515.31,517.18 2 143
github.com/state-alchemists/zaruba/dsl/project.go:517.18,520.4 2 2
github.com/state-alchemists/zaruba/dsl/project.go:525.120,527.53 2 181
github.com/state-alchemists/zaruba/dsl/project.go:532.2,533.55 2 179
github.com/state-alchemists/zaruba/dsl/project.go:539.2,539.59 1 176
github.com/state-alchemists/zaruba/dsl/project.go:545.2,545.18 1 173
github.com/state-alchemists/zaruba/dsl/project.go:527.53,528.35 1 44
github.com/state-alchemists/zaruba/dsl/project.go:528.35,530.4 1 2
github.com/state-alchemists/zaruba/dsl/project.go:533.55,535.99 2 11
github.com/state-alchemists/zaruba/dsl/project.go:535.99,537.4 1 3
github.com/state-alchemists/zaruba/dsl/project.go:539.59,541.99 2 27
github.com/state-alchemists/zaruba/dsl/project.go:541.99,543.4 1 3
github.com/state-alchemists/zaruba/dsl/project.go:548.58,549.38 1 87
github.com/state-alchemists/zaruba/dsl/project.go:556.2,556.12 1 86
github.com/state-alchemists/zaruba/dsl/project.go:549.38,550.60 1 148
github.com/state-alchemists/zaruba/dsl/project.go:550.60,551.83 1 9
github.com/state-alchemists/zaruba/dsl/project.go:551.83,553.5 1 1
github.com/state-alchemists/zaruba/dsl/project.go:559.52,560.38 1 90
github.com/state-alchemists/zaruba/dsl/project.go:575.2,575.12 1 87
github.com/state-alchemists/zaruba/dsl/project.go:560.38,561.49 1 153
github.com/state-alchemists/zaruba/dsl/project.go:564.3,564.24 1 152
github.com/state-alchemists/zaruba/dsl/project.go:569.3,569.51 1 151
github.com/state-alchemists/zaruba/dsl/project.go:561.49,563.4 1 1
github.com/state-alchemists/zaruba/dsl/project.go:564.24,565.68 1 27
github.com/state-alchemists/zaruba/dsl/project.go:565.68,567.5 1 1
github.com/state-alchemists/zaruba/dsl/project.go:569.51,570.71 1 2
github.com/state-alchemists/zaruba/dsl/project.go:570.71,572.5 1 1
github.com/state-alchemists/zaruba/dsl/project.go:578.52,579.38 1 84
github.com/state-alchemists/zaruba/dsl/project.go:586.2,586.12 1 83
github.com/state-alchemists/zaruba/dsl/project.go:579.38,580.45 1 141
github.com/state-alchemists/zaruba/dsl/project.go:580.45,581.57 1 9
github.com/state-alchemists/zaruba/dsl/project.go:581.57,583.5 1 1
github.com/state-alchemists/zaruba/dsl/project.go:589.52,590.38 1 83
github.com/state-alchemists/zaruba/dsl/project.go:605.2,605.12 1 80
github.com/state-alchemists/zaruba/dsl/project.go:590.38,591.49 1 140
github.com/state-alchemists/zaruba/dsl/project.go:594.3,594.24 1 139
github.com/state-alchemists/zaruba/dsl/project.go:599.3,599.47 1 138
github.com/state-alchemists/zaruba/dsl/project.go:591.49,593.4 1 1
github.com/state-alchemists/zaruba/dsl/project.go:594.24,595.64 1 5
github.com/state-alchemists/zaruba/dsl/project.go:595.64,597.5 1 1
github.com/state-alchemists/zaruba/dsl/project.go:599.47,600.63 1 1
github.com/state-alchemists/zaruba/dsl/project.go:600.63,602.5 1 1
github.com/state-alchemists/zaruba/dsl/project.go:608.55,609.38 1 80
github.com/state-alchemists/zaruba/dsl/project.go:624.2,624.12 1 77
github.com/state-alchemists/zaruba/dsl/project.go:609.38,610.55 1 137
github.com/state-alchemists/zaruba/dsl/project.go:613.3,613.27 1 136
github.com/state-alchemists/zaruba/dsl/project.go:618.3,618.53 1 135
github.com/state-alchemists/zaruba/dsl/project.go:610.55,612.4 1 1
github.com/state-alchemists/zaruba/dsl/project.go:613.27,614.76 1 5
github.com/state-alchemists/zaruba/dsl/project.go:614.76,616.5 1 1
github.com/state-alchemists/zaruba/dsl/project.go:618.53,619.75 1 1
github.com/state-alchemists/zaruba/dsl/project.go:619.75,621.5 1 1
github.com/state-alchemists/zaruba/dsl/project.go:627.69,628.45 1 108
github.com/state-alchemists/zaruba/dsl/project.go:650.2,650.12 1 103
github.com/state-alchemists/zaruba/dsl/project.go:628.45,630.45 2 14
github.com/state-alchemists/zaruba/dsl/project.go:633.3,634.17 2 14
github.com/state-alchemists/zaruba/dsl/project.go:637.3,637.80 1 13
github.com/state-alchemists/zaruba/dsl/project.go:640.3,640.79 1 12
github.com/state-alchemists/zaruba/dsl/project.go:643.3,643.80 1 11
github.com/state-alchemists/zaruba/dsl/project.go:646.3,646.83 1 10
github.com/state-alchemists/zaruba/dsl/project.go:630.45,632.4 1 14
github.com/state-alchemists/zaruba/dsl/project.go:634.17,636.4 1 1
github.com/state-alchemists/zaruba/dsl/project.go:637.80,639.4 1 1
github.com/state-alchemists/zaruba/dsl/project.go:640.79,642.4 1 1
github.com/state-alchemists/zaruba/dsl/project.go:643.80,645.4 1 1
github.com/state-alchemists/zaruba/dsl/project.go:646.83,648.4 1 1
github.com/state-alchemists/zaruba/dsl/project.go:653.101,654.55 1 13
github.com/state-alchemists/zaruba/dsl/project.go:664.2,664.12 1 12
github.com/state-alchemists/zaruba/dsl/project.go:654.55,656.27 2 5
github.com/state-alchemists/zaruba/dsl/project.go:662.3,662.30 1 3
github.com/state-alchemists/zaruba/dsl/project.go:656.27,657.56 1 2
github.com/state-alchemists/zaruba/dsl/project.go:660.4,660.160 1 1
github.com/state-alchemists/zaruba/dsl/project.go:657.56,658.13 1 1
github.com/state-alchemists/zaruba/dsl/project.go:667.100,668.52 1 12
github.com/state-alchemists/zaruba/dsl/project.go:678.2,678.12 1 11
github.com/state-alchemists/zaruba/dsl/project.go:668.52,670.26 2 17
github.com/state-alchemists/zaruba/dsl/project.go:676.3,676.27 1 15
github.com/state-alchemists/zaruba/dsl/project.go:670.26,671.54 1 2
github.com/state-alchemists/zaruba/dsl/project.go:674.4,674.155 1 1
github.com/state-alchemists/zaruba/dsl/project.go:671.54,672.13 1 1
github.com/state-alchemists/zaruba/dsl/project.go:681.101,682.60 1 11
github.com/state-alchemists/zaruba/dsl/project.go:692.2,692.12 1 10
github.com/state-alchemists/zaruba/dsl/project.go:682.60,684.28 2 5
github.com/state-alchemists/zaruba/dsl/project.go:690.3,690.35 1 3
github.com/state-alchemists/zaruba/dsl/project.go:684.28,685.58 1 2
github.com/state-alchemists/zaruba/dsl/project.go:688.4,688.160 1 1
github.com/state-alchemists/zaruba/dsl/project.go:685.58,686.13 1 1
github.com/state-alchemists/zaruba/dsl/project.go:695.104,696.69 1 10
github.com/state-alchemists/zaruba/dsl/project.go:706.2,706.12 1 9
github.com/state-alchemists/zaruba/dsl/project.go:696.69,698.31 2 5
github.com/state-alchemists/zaruba/dsl/project.go:704.3,704.44 1 3
github.com/state-alchemists/zaruba/dsl/project.go:698.31,699.64 1 2
github.com/state-alchemists/zaruba/dsl/project.go:702.4,702.172 1 1
github.com/state-alchemists/zaruba/dsl/project.go:699.64,700.13 1 1
github.com/state-alchemists/zaruba/dsl/project.go:709.39,711.2 1 90
github.com/state-alchemists/zaruba/dsl/project.go:713.40,715.32 2 90
github.com/state-alchemists/zaruba/dsl/project.go:718.2,718.33 1 90
github.com/state-alchemists/zaruba/dsl/project.go:715.32,717.3 1 153
github.com/state-alchemists/zaruba/dsl/project.go:721.41,723.34 2 90
github.com/state-alchemists/zaruba/dsl/project.go:726.2,726.34 1 90
github.com/state-alchemists/zaruba/dsl/project.go:723.34,725.3 1 39
github.com/state-alchemists/zaruba/dsl/project.go:729.33,730.38 1 90
github.com/state-alchemists/zaruba/dsl/project.go:730.38,734.3 3 153
github.com/state-alchemists/zaruba/dsl/project.go:737.34,738.41 1 90
github.com/state-alchemists/zaruba/dsl/project.go:738.41,741.3 2 39
github.com/state-alchemists/zaruba/dsl/project.go:744.37,748.2 3 0
github.com/state-alchemists/zaruba/dsl/setDefaultEnv.go:9.22,11.36 2 107
github.com/state-alchemists/zaruba/dsl/setDefaultEnv.go:14.2,14.35 1 107
github.com/state-alchemists/zaruba/dsl/setDefaultEnv.go:17.2,17.37 1 107
github.com/state-alchemists/zaruba/dsl/setDefaultEnv.go:20.2,20.39 1 107
github.com/state-alchemists/zaruba/dsl/setDefaultEnv.go:23.2,23.42 1 107
github.com/state-alchemists/zaruba/dsl/setDefaultEnv.go:26.2,26.40 1 107
github.com/state-alchemists/zaruba/dsl/setDefaultEnv.go:29.2,29.56 1 107
github.com/state-alchemists/zaruba/dsl/setDefaultEnv.go:32.2,32.56 1 107
github.com/state-alchemists/zaruba/dsl/setDefaultEnv.go:35.2,35.35 1 107
github.com/state-alchemists/zaruba/dsl/setDefaultEnv.go:38.2,38.49 1 107
github.com/state-alchemists/zaruba/dsl/setDefaultEnv.go:11.36,13.3 1 1
github.com/state-alchemists/zaruba/dsl/setDefaultEnv.go:14.35,16.3 1 0
github.com/state-alchemists/zaruba/dsl/setDefaultEnv.go:17.37,19.3 1 0
github.com/state-alchemists/zaruba/dsl/setDefaultEnv.go:20.39,22.3 1 107
github.com/state-alchemists/zaruba/dsl/setDefaultEnv.go:23.42,25.3 1 0
github.com/state-alchemists/zaruba/dsl/setDefaultEnv.go:26.40,28.3 1 0
github.com/state-alchemists/zaruba/dsl/setDefaultEnv.go:29.56,31.3 1 0
github.com/state-alchemists/zaruba/dsl/setDefaultEnv.go:32.56,34.3 1 0
github.com/state-alchemists/zaruba/dsl/setDefaultEnv.go:35.35,37.3 1 107
github.com/state-alchemists/zaruba/dsl/setDefaultEnv.go:38.49,40.3 1 0
github.com/state-alchemists/zaruba/dsl/task.go:66.26,75.2 8 134
github.com/state-alchemists/zaruba/dsl/task.go:77.43,79.2 1 133
github.com/state-alchemists/zaruba/dsl/task.go:81.58,83.2 1 133
github.com/state-alchemists/zaruba/dsl/task.go:85.43,87.2 1 935
github.com/state-alchemists/zaruba/dsl/task.go:89.45,91.2 1 0
github.com/state-alchemists/zaruba/dsl/task.go:93.43,95.2 1 0
github.com/state-alchemists/zaruba/dsl/task.go:97.61,99.2 1 134
github.com/state-alchemists/zaruba/dsl/task.go:101.49,103.2 1 0
github.com/state-alchemists/zaruba/dsl/task.go:105.42,107.16 2 0
github.com/state-alchemists/zaruba/dsl/task.go:110.2,111.30 2 0
github.com/state-alchemists/zaruba/dsl/task.go:119.2,119.39 1 0
github.com/state-alchemists/zaruba/dsl/task.go:107.16,109.3 1 0
github.com/state-alchemists/zaruba/dsl/task.go:111.30,115.27 4 0
github.com/state-alchemists/zaruba/dsl/task.go:115.27,117.4 1 0
github.com/state-alchemists/zaruba/dsl/task.go:122.42,123.25 1 0
github.com/state-alchemists/zaruba/dsl/task.go:126.2,127.21 2 0
github.com/state-alchemists/zaruba/dsl/task.go:130.2,131.19 2 0
github.com/state-alchemists/zaruba/dsl/task.go:123.25,125.3 1 0
github.com/state-alchemists/zaruba/dsl/task.go:127.21,129.3 1 0
github.com/state-alchemists/zaruba/dsl/task.go:134.69,136.2 1 0
github.com/state-alchemists/zaruba/dsl/task.go:138.62,140.16 2 0
github.com/state-alchemists/zaruba/dsl/task.go:143.2,144.30 2 0
github.com/state-alchemists/zaruba/dsl/task.go:152.2,152.49 1 0
github.com/state-alchemists/zaruba/dsl/task.go:140.16,142.3 1 0
github.com/state-alchemists/zaruba/dsl/task.go:144.30,148.40 4 0
github.com/state-alchemists/zaruba/dsl/task.go:148.40,150.4 1 0
github.com/state-alchemists/zaruba/dsl/task.go:155.62,156.38 1 0
github.com/state-alchemists/zaruba/dsl/task.go:159.2,160.33 2 0
github.com/state-alchemists/zaruba/dsl/task.go:163.2,164.32 2 0
github.com/state-alchemists/zaruba/dsl/task.go:156.38,158.3 1 0
github.com/state-alchemists/zaruba/dsl/task.go:160.33,162.3 1 0
github.com/state-alchemists/zaruba/dsl/task.go:167.49,170.2 1 0
github.com/state-alchemists/zaruba/dsl/task.go:172.42,174.16 2 0
github.com/state-alchemists/zaruba/dsl/task.go:177.2,178.30 2 0
github.com/state-alchemists/zaruba/dsl/task.go:186.2,186.39 1 0
github.com/state-alchemists/zaruba/dsl/task.go:174.16,176.3 1 0
github.com/state-alchemists/zaruba/dsl/task.go:178.30,182.27 4 0
github.com/state-alchemists/zaruba/dsl/task.go:182.27,184.4 1 0
github.com/state-alchemists/zaruba/dsl/task.go:189.42,190.25 1 0
github.com/state-alchemists/zaruba/dsl/task.go:193.2,194.20 2 0
github.com/state-alchemists/zaruba/dsl/task.go:197.2,198.19 2 0
github.com/state-alchemists/zaruba/dsl/task.go:190.25,192.3 1 0
github.com/state-alchemists/zaruba/dsl/task.go:194.20,196.3 1 0
github.com/state-alchemists/zaruba/dsl/task.go:201.69,203.2 1 0
github.com/state-alchemists/zaruba/dsl/task.go:205.62,207.16 2 0
github.com/state-alchemists/zaruba/dsl/task.go:210.2,211.30 2 0
github.com/state-alchemists/zaruba/dsl/task.go:219.2,219.49 1 0
github.com/state-alchemists/zaruba/dsl/task.go:207.16,209.3 1 0
github.com/state-alchemists/zaruba/dsl/task.go:211.30,215.40 4 0
github.com/state-alchemists/zaruba/dsl/task.go:215.40,217.4 1 0
github.com/state-alchemists/zaruba/dsl/task.go:222.62,223.38 1 0
github.com/state-alchemists/zaruba/dsl/task.go:226.2,227.33 2 0
github.com/state-alchemists/zaruba/dsl/task.go:230.2,231.32 2 0
github.com/state-alchemists/zaruba/dsl/task.go:223.38,225.3 1 0
github.com/state-alchemists/zaruba/dsl/task.go:227.33,229.3 1 0
github.com/state-alchemists/zaruba/dsl/task.go:234.54,236.16 2 1
github.com/state-alchemists/zaruba/dsl/task.go:239.2,240.30 2 0
github.com/state-alchemists/zaruba/dsl/task.go:248.2,248.10 1 0
github.com/state-alchemists/zaruba/dsl/task.go:236.16,238.3 1 1
github.com/state-alchemists/zaruba/dsl/task.go:240.30,244.32 4 0
github.com/state-alchemists/zaruba/dsl/task.go:244.32,246.4 1 0
github.com/state-alchemists/zaruba/dsl/task.go:251.54,252.30 1 1
github.com/state-alchemists/zaruba/dsl/task.go:255.2,256.26 2 1
github.com/state-alchemists/zaruba/dsl/task.go:259.2,260.24 2 1
github.com/state-alchemists/zaruba/dsl/task.go:252.30,254.3 1 0
github.com/state-alchemists/zaruba/dsl/task.go:256.26,258.3 1 0
github.com/state-alchemists/zaruba/dsl/task.go:263.59,265.2 1 146
github.com/state-alchemists/zaruba/dsl/task.go:267.49,268.29 1 284
github.com/state-alchemists/zaruba/dsl/task.go:272.2,272.40 1 284
github.com/state-alchemists/zaruba/dsl/task.go:268.29,271.3 2 0
github.com/state-alchemists/zaruba/dsl/task.go:275.47,276.25 1 518
github.com/state-alchemists/zaruba/dsl/task.go:279.2,280.30 2 508
github.com/state-alchemists/zaruba/dsl/task.go:288.2,288.11 1 507
github.com/state-alchemists/zaruba/dsl/task.go:276.25,278.3 1 10
github.com/state-alchemists/zaruba/dsl/task.go:280.30,284.31 4 223
github.com/state-alchemists/zaruba/dsl/task.go:284.31,286.4 1 1
github.com/state-alchemists/zaruba/dsl/task.go:291.39,292.50 1 18
github.com/state-alchemists/zaruba/dsl/task.go:295.2,296.30 2 18
github.com/state-alchemists/zaruba/dsl/task.go:303.2,303.13 1 14
github.com/state-alchemists/zaruba/dsl/task.go:292.50,294.3 1 0
github.com/state-alchemists/zaruba/dsl/task.go:296.30,299.32 3 4
github.com/state-alchemists/zaruba/dsl/task.go:299.32,301.4 1 4
github.com/state-alchemists/zaruba/dsl/task.go:306.43,307.50 1 0
github.com/state-alchemists/zaruba/dsl/task.go:310.2,310.49 1 0
github.com/state-alchemists/zaruba/dsl/task.go:313.2,314.30 2 0
github.com/state-alchemists/zaruba/dsl/task.go:321.2,321.14 1 0
github.com/state-alchemists/zaruba/dsl/task.go:307.50,309.3 1 0
github.com/state-alchemists/zaruba/dsl/task.go:310.49,312.3 1 0
github.com/state-alchemists/zaruba/dsl/task.go:314.30,317.36 3 0
github.com/state-alchemists/zaruba/dsl/task.go:317.36,319.4 1 0
github.com/state-alchemists/zaruba/dsl/task.go:324.54,325.32 1 0
github.com/state-alchemists/zaruba/dsl/task.go:328.2,329.30 2 0
github.com/state-alchemists/zaruba/dsl/task.go:337.2,337.27 1 0
github.com/state-alchemists/zaruba/dsl/task.go:325.32,327.3 1 0
github.com/state-alchemists/zaruba/dsl/task.go:329.30,333.38 4 0
github.com/state-alchemists/zaruba/dsl/task.go:333.38,335.4 1 0
github.com/state-alchemists/zaruba/dsl/task.go:340.51,341.60 1 295
github.com/state-alchemists/zaruba/dsl/task.go:344.2,345.17 2 285
github.com/state-alchemists/zaruba/dsl/task.go:341.60,343.3 1 10
github.com/state-alchemists/zaruba/dsl/task.go:348.59,349.58 1 158
github.com/state-alchemists/zaruba/dsl/task.go:352.2,352.59 1 158
github.com/state-alchemists/zaruba/dsl/task.go:355.2,355.59 1 158
github.com/state-alchemists/zaruba/dsl/task.go:361.2,361.14 1 158
github.com/state-alchemists/zaruba/dsl/task.go:349.58,351.3 1 0
github.com/state-alchemists/zaruba/dsl/task.go:352.59,354.3 1 0
github.com/state-alchemists/zaruba/dsl/task.go:355.59,357.36 2 24
github.com/state-alchemists/zaruba/dsl/task.go:357.36,359.4 1 0
github.com/state-alchemists/zaruba/dsl/task.go:364.43,365.25 1 32
github.com/state-alchemists/zaruba/dsl/task.go:368.2,368.59 1 10
github.com/state-alchemists/zaruba/dsl/task.go:374.2,374.14 1 5
github.com/state-alchemists/zaruba/dsl/task.go:365.25,367.3 1 22
github.com/state-alchemists/zaruba/dsl/task.go:368.59,370.36 2 5
github.com/state-alchemists/zaruba/dsl/task.go:370.36,372.4 1 5
github.com/state-alchemists/zaruba/dsl/task.go:377.43,378.25 1 180
github.com/state-alchemists/zaruba/dsl/task.go:381.2,381.59 1 147
github.com/state-alchemists/zaruba/dsl/task.go:387.2,387.14 1 135
github.com/state-alchemists/zaruba/dsl/task.go:378.25,380.3 1 33
github.com/state-alchemists/zaruba/dsl/task.go:381.59,383.36 2 29
github.com/state-alchemists/zaruba/dsl/task.go:383.36,385.4 1 12
github.com/state-alchemists/zaruba/dsl/task.go:390.68,393.12 3 5
github.com/state-alchemists/zaruba/dsl/task.go:396.2,397.53 2 4
github.com/state-alchemists/zaruba/dsl/task.go:393.12,395.3 1 1
github.com/state-alchemists/zaruba/dsl/task.go:400.50,402.39 2 2
github.com/state-alchemists/zaruba/dsl/task.go:405.2,405.13 1 2
github.com/state-alchemists/zaruba/dsl/task.go:402.39,404.3 1 4
github.com/state-alchemists/zaruba/dsl/task.go:408.93,410.43 2 0
github.com/state-alchemists/zaruba/dsl/task.go:423.2,423.26 1 0
github.com/state-alchemists/zaruba/dsl/task.go:410.43,412.17 2 0
github.com/state-alchemists/zaruba/dsl/task.go:415.3,415.13 1 0
github.com/state-alchemists/zaruba/dsl/task.go:418.3,419.17 2 0
github.com/state-alchemists/zaruba/dsl/task.go:412.17,414.4 1 0
github.com/state-alchemists/zaruba/dsl/task.go:415.13,416.12 1 0
github.com/state-alchemists/zaruba/dsl/task.go:419.17,421.4 1 0
github.com/state-alchemists/zaruba/dsl/task.go:426.65,427.63 1 113
github.com/state-alchemists/zaruba/dsl/task.go:431.2,431.16 1 1
github.com/state-alchemists/zaruba/dsl/task.go:427.63,430.3 2 112
github.com/state-alchemists/zaruba/dsl/task.go:434.51,436.32 2 267
github.com/state-alchemists/zaruba/dsl/task.go:439.2,439.53 1 267
github.com/state-alchemists/zaruba/dsl/task.go:444.2,444.59 1 267
github.com/state-alchemists/zaruba/dsl/task.go:449.2,449.37 1 267
github.com/state-alchemists/zaruba/dsl/task.go:436.32,438.3 1 224
github.com/state-alchemists/zaruba/dsl/task.go:439.53,440.62 1 5
github.com/state-alchemists/zaruba/dsl/task.go:440.62,442.4 1 5
github.com/state-alchemists/zaruba/dsl/task.go:444.59,448.3 3 115
github.com/state-alchemists/zaruba/dsl/task.go:452.80,453.53 1 171
github.com/state-alchemists/zaruba/dsl/task.go:456.2,456.56 1 58
github.com/state-alchemists/zaruba/dsl/task.go:462.2,462.59 1 56
github.com/state-alchemists/zaruba/dsl/task.go:468.2,468.18 1 4
github.com/state-alchemists/zaruba/dsl/task.go:453.53,455.3 1 113
github.com/state-alchemists/zaruba/dsl/task.go:456.56,458.63 2 6
github.com/state-alchemists/zaruba/dsl/task.go:458.63,460.4 1 2
github.com/state-alchemists/zaruba/dsl/task.go:462.59,464.69 2 54
github.com/state-alchemists/zaruba/dsl/task.go:464.69,466.4 1 52
github.com/state-alchemists/zaruba/dsl/task.go:471.70,473.40 2 11
github.com/state-alchemists/zaruba/dsl/task.go:479.2,479.23 1 9
github.com/state-alchemists/zaruba/dsl/task.go:473.40,475.17 2 8
github.com/state-alchemists/zaruba/dsl/task.go:475.17,477.4 1 2
github.com/state-alchemists/zaruba/dsl/task.go:482.62,483.55 1 14
github.com/state-alchemists/zaruba/dsl/task.go:492.2,492.28 1 1
github.com/state-alchemists/zaruba/dsl/task.go:483.55,484.21 1 13
github.com/state-alchemists/zaruba/dsl/task.go:489.3,490.64 2 11
github.com/state-alchemists/zaruba/dsl/task.go:484.21,485.44 1 6
github.com/state-alchemists/zaruba/dsl/task.go:485.44,487.5 1 2
github.com/state-alchemists/zaruba/dsl/task.go:495.48,497.29 2 16
github.com/state-alchemists/zaruba/dsl/task.go:500.2,500.50 1 16
github.com/state-alchemists/zaruba/dsl/task.go:505.2,505.59 1 16
github.com/state-alchemists/zaruba/dsl/task.go:510.2,510.37 1 16
github.com/state-alchemists/zaruba/dsl/task.go:497.29,499.3 1 9
github.com/state-alchemists/zaruba/dsl/task.go:500.50,501.59 1 2
github.com/state-alchemists/zaruba/dsl/task.go:501.59,503.4 1 2
github.com/state-alchemists/zaruba/dsl/task.go:505.59,509.3 3 4
github.com/state-alchemists/zaruba/dsl/task.go:513.70,514.46 1 17
github.com/state-alchemists/zaruba/dsl/task.go:517.2,517.50 1 6
github.com/state-alchemists/zaruba/dsl/task.go:523.2,523.59 1 4
github.com/state-alchemists/zaruba/dsl/task.go:529.2,529.19 1 2
github.com/state-alchemists/zaruba/dsl/task.go:514.46,516.3 1 11
github.com/state-alchemists/zaruba/dsl/task.go:517.50,519.63 2 5
github.com/state-alchemists/zaruba/dsl/task.go:519.63,521.4 1 2
github.com/state-alchemists/zaruba/dsl/task.go:523.59,525.61 2 3
github.com/state-alchemists/zaruba/dsl/task.go:525.61,527.4 1 2
github.com/state-alchemists/zaruba/dsl/task.go:532.60,533.23 1 0
github.com/state-alchemists/zaruba/dsl/task.go:536.2,536.27 1 0
github.com/state-alchemists/zaruba/dsl/task.go:539.2,539.11 1 0
github.com/state-alchemists/zaruba/dsl/task.go:533.23,535.3 1 0
github.com/state-alchemists/zaruba/dsl/task.go:536.27,538.3 1 0
github.com/state-alchemists/zaruba/dsl/task.go:542.66,543.26 1 0
github.com/state-alchemists/zaruba/dsl/task.go:546.2,546.30 1 0
github.com/state-alchemists/zaruba/dsl/task.go:549.2,549.11 1 0
github.com/state-alchemists/zaruba/dsl/task.go:543.26,545.3 1 0
github.com/state-alchemists/zaruba/dsl/task.go:546.30,548.3 1 0
github.com/state-alchemists/zaruba/dsl/task.go:552.67,553.23 1 1369
github.com/state-alchemists/zaruba/dsl/task.go:556.2,556.21 1 880
github.com/state-alchemists/zaruba/dsl/task.go:553.23,555.3 1 489
github.com/state-alchemists/zaruba/dsl/task.go:559.65,560.26 1 325
github.com/state-alchemists/zaruba/dsl/task.go:563.2,563.24 1 314
github.com/state-alchemists/zaruba/dsl/task.go:560.26,562.3 1 11
github.com/state-alchemists/zaruba/dsl/task.go:566.62,567.23 1 22
github.com/state-alchemists/zaruba/dsl/task.go:570.2,570.21 1 15
github.com/state-alchemists/zaruba/dsl/task.go:567.23,569.3 1 7
github.com/state-alchemists/zaruba/dsl/task.go:573.99,574.58 1 145
github.com/state-alchemists/zaruba/dsl/task.go:577.2,578.16 2 144
github.com/state-alchemists/zaruba/dsl/task.go:581.2,581.38 1 144
github.com/state-alchemists/zaruba/dsl/task.go:585.2,585.21 1 144
github.com/state-alchemists/zaruba/dsl/task.go:588.2,590.16 3 144
github.com/state-alchemists/zaruba/dsl/task.go:593.2,594.50 2 140
github.com/state-alchemists/zaruba/dsl/task.go:597.2,598.20 2 40
github.com/state-alchemists/zaruba/dsl/task.go:574.58,576.3 1 1
github.com/state-alchemists/zaruba/dsl/task.go:578.16,580.3 1 0
github.com/state-alchemists/zaruba/dsl/task.go:581.38,584.3 2 657
github.com/state-alchemists/zaruba/dsl/task.go:585.21,587.3 1 122
github.com/state-alchemists/zaruba/dsl/task.go:590.16,592.3 1 4
github.com/state-alchemists/zaruba/dsl/task.go:594.50,596.3 1 100
github.com/state-alchemists/zaruba/dsl/task.go:601.93,603.39 2 144
github.com/state-alchemists/zaruba/dsl/task.go:606.2,606.20 1 144
github.com/state-alchemists/zaruba/dsl/task.go:611.2,611.82 1 144
github.com/state-alchemists/zaruba/dsl/task.go:603.39,605.3 1 1
github.com/state-alchemists/zaruba/dsl/task.go:606.20,607.34 1 1
github.com/state-alchemists/zaruba/dsl/task.go:607.34,609.4 1 3
github.com/state-alchemists/zaruba/dsl/task.go:614.32,615.32 1 153
github.com/state-alchemists/zaruba/dsl/task.go:615.32,617.3 1 20
github.com/state-alchemists/zaruba/dsl/task.go:620.34,621.27 1 134
github.com/state-alchemists/zaruba/dsl/task.go:621.27,623.22 2 134
github.com/state-alchemists/zaruba/dsl/task.go:626.3,626.30 1 134
github.com/state-alchemists/zaruba/dsl/task.go:623.22,625.4 1 134
github.com/state-alchemists/zaruba/dsl/task.go:630.34,631.21 1 134
github.com/state-alchemists/zaruba/dsl/task.go:631.21,633.3 1 134
github.com/state-alchemists/zaruba/dsl/task.go:636.49,637.36 1 134
github.com/state-alchemists/zaruba/dsl/task.go:637.36,639.3 1 134
github.com/state-alchemists/zaruba/dsl/task.go:642.35,643.22 1 134
github.com/state-alchemists/zaruba/dsl/task.go:643.22,646.20 3 134
github.com/state-alchemists/zaruba/dsl/task.go:649.3,649.21 1 134
github.com/state-alchemists/zaruba/dsl/task.go:646.20,648.4 1 133
github.com/state-alchemists/zaruba/dsl/task.go:653.39,655.64 2 134
github.com/state-alchemists/zaruba/dsl/task.go:662.2,663.103 2 134
github.com/state-alchemists/zaruba/dsl/task.go:655.64,658.3 2 12
github.com/state-alchemists/zaruba/dsl/task.go:658.8,661.3 2 122
github.com/state-alchemists/zaruba/dsl/task.go:666.61,670.2 3 1
github.com/state-alchemists/zaruba/dsl/task.go:672.61,674.47 2 5
github.com/state-alchemists/zaruba/dsl/task.go:677.2,678.50 2 5
github.com/state-alchemists/zaruba/dsl/task.go:687.2,687.59 1 5
github.com/state-alchemists/zaruba/dsl/task.go:696.2,696.21 1 5
github.com/state-alchemists/zaruba/dsl/task.go:674.47,676.3 1 3
github.com/state-alchemists/zaruba/dsl/task.go:678.50,680.49 2 3
github.com/state-alchemists/zaruba/dsl/task.go:680.49,681.28 1 1
github.com/state-alchemists/zaruba/dsl/task.go:681.28,684.5 2 1
github.com/state-alchemists/zaruba/dsl/task.go:687.59,689.49 2 1
github.com/state-alchemists/zaruba/dsl/task.go:689.49,690.28 1 2
github.com/state-alchemists/zaruba/dsl/task.go:690.28,693.5 2 2
github.com/state-alchemists/zaruba/dsl/task.go:699.60,701.16 2 8
github.com/state-alchemists/zaruba/dsl/task.go:704.2,705.17 2 7
github.com/state-alchemists/zaruba/dsl/task.go:701.16,703.3 1 1
github.com/state-alchemists/zaruba/dsl/task.go:708.75,709.30 1 13
github.com/state-alchemists/zaruba/dsl/task.go:712.2,712.25 1 11
github.com/state-alchemists/zaruba/dsl/task.go:715.2,715.59 1 2
github.com/state-alchemists/zaruba/dsl/task.go:722.2,722.25 1 2
github.com/state-alchemists/zaruba/dsl/task.go:709.30,711.3 1 2
github.com/state-alchemists/zaruba/dsl/task.go:712.25,714.3 1 9
github.com/state-alchemists/zaruba/dsl/task.go:715.59,718.17 3 2
github.com/state-alchemists/zaruba/dsl/task.go:718.17,720.4 1 0
github.com/state-alchemists/zaruba/dsl/task.go:725.60,727.16 2 3
github.com/state-alchemists/zaruba/dsl/task.go:730.2,731.17 2 2
github.com/state-alchemists/zaruba/dsl/task.go:727.16,729.3 1 1
github.com/state-alchemists/zaruba/dsl/task.go:734.75,735.30 1 8
github.com/state-alchemists/zaruba/dsl/task.go:738.2,738.25 1 6
github.com/state-alchemists/zaruba/dsl/task.go:741.2,741.59 1 2
github.com/state-alchemists/zaruba/dsl/task.go:748.2,748.25 1 2
github.com/state-alchemists/zaruba/dsl/task.go:735.30,737.3 1 2
github.com/state-alchemists/zaruba/dsl/task.go:738.25,740.3 1 4
github.com/state-alchemists/zaruba/dsl/task.go:741.59,744.17 3 2
github.com/state-alchemists/zaruba/dsl/task.go:744.17,746.4 1 0
github.com/state-alchemists/zaruba/dsl/task.go:751.98,754.45 3 9
github.com/state-alchemists/zaruba/dsl/task.go:761.2,767.43 6 8
github.com/state-alchemists/zaruba/dsl/task.go:770.2,778.17 6 7
github.com/state-alchemists/zaruba/dsl/task.go:754.45,756.17 2 18
github.com/state-alchemists/zaruba/dsl/task.go:759.3,759.41 1 17
github.com/state-alchemists/zaruba/dsl/task.go:756.17,758.4 1 1
github.com/state-alchemists/zaruba/dsl/task.go:767.43,769.3 1 1
github.com/state-alchemists/zaruba/dsl/task.go:781.50,783.16 2 8
github.com/state-alchemists/zaruba/dsl/task.go:786.2,786.38 1 7
github.com/state-alchemists/zaruba/dsl/task.go:789.2,789.12 1 7
github.com/state-alchemists/zaruba/dsl/task.go:783.16,785.3 1 1
github.com/state-alchemists/zaruba/dsl/task.go:786.38,788.3 1 23
github.com/state-alchemists/zaruba/dsl/task.go:793.94,796.15 1 152
github.com/state-alchemists/zaruba/dsl/task.go:805.2,806.39 2 151
github.com/state-alchemists/zaruba/dsl/task.go:819.2,820.33 2 151
github.com/state-alchemists/zaruba/dsl/task.go:833.2,836.24 4 151
github.com/state-alchemists/zaruba/dsl/task.go:796.15,798.3 1 144
github.com/state-alchemists/zaruba/dsl/task.go:798.8,800.17 2 8
github.com/state-alchemists/zaruba/dsl/task.go:800.17,802.4 1 1
github.com/state-alchemists/zaruba/dsl/task.go:806.39,808.16 2 226
github.com/state-alchemists/zaruba/dsl/task.go:812.3,813.17 2 1
github.com/state-alchemists/zaruba/dsl/task.go:816.3,816.33 1 1
github.com/state-alchemists/zaruba/dsl/task.go:808.16,810.12 2 225
github.com/state-alchemists/zaruba/dsl/task.go:813.17,815.4 1 0
github.com/state-alchemists/zaruba/dsl/task.go:820.33,822.16 2 0
github.com/state-alchemists/zaruba/dsl/task.go:826.3,827.17 2 0
github.com/state-alchemists/zaruba/dsl/task.go:830.3,830.32 1 0
github.com/state-alchemists/zaruba/dsl/task.go:822.16,824.12 2 0
github.com/state-alchemists/zaruba/dsl/task.go:827.17,829.4 1 0
github.com/state-alchemists/zaruba/dsl/task.go:839.143,843.15 4 14
github.com/state-alchemists/zaruba/dsl/task.go:846.2,852.17 7 14
github.com/state-alchemists/zaruba/dsl/task.go:843.15,845.3 1 14
github.com/state-alchemists/zaruba/dsl/task.go:852.17,858.18 5 1
github.com/state-alchemists/zaruba/dsl/task.go:864.3,866.136 3 0
github.com/state-alchemists/zaruba/dsl/task.go:858.18,862.12 4 1
github.com/state-alchemists/zaruba/dsl/task.go:870.191,874.30 4 1
github.com/state-alchemists/zaruba/dsl/task.go:880.2,882.13 3 1
github.com/state-alchemists/zaruba/dsl/task.go:887.2,887.18 1 0
github.com/state-alchemists/zaruba/dsl/task.go:874.30,877.3 2 0
github.com/state-alchemists/zaruba/dsl/task.go:877.8,879.3 1 1
github.com/state-alchemists/zaruba/dsl/task.go:882.13,886.3 3 1
github.com/state-alchemists/zaruba/dsl/task.go:890.69,893.30 3 283
github.com/state-alchemists/zaruba/dsl/task.go:900.2,900.15 1 283
github.com/state-alchemists/zaruba/dsl/task.go:893.30,894.39 1 347
github.com/state-alchemists/zaruba/dsl/task.go:897.3,898.23 2 347
github.com/state-alchemists/zaruba/dsl/task.go:894.39,895.12 1 0
github.com/state-alchemists/zaruba/dsl/task.go:903.57,904.24 1 14
github.com/state-alchemists/zaruba/dsl/task.go:907.2,907.40 1 10
github.com/state-alchemists/zaruba/dsl/task.go:904.24,906.3 1 4
github.com/state-alchemists/zaruba/dsl/configRef.go:9.46,11.2 1 0
github.com/state-alchemists/zaruba/dsl/configRef.go:13.38,15.2 1 0
github.com/state-alchemists/zaruba/runner/runner.go:45.246,46.28 1 11
github.com/state-alchemists/zaruba/runner/runner.go:49.2,49.62 1 10
github.com/state-alchemists/zaruba/runner/runner.go:52.2,52.41 1 9
github.com/state-alchemists/zaruba/runner/runner.go:55.2,56.16 2 9
github.com/state-alchemists/zaruba/runner/runner.go:59.2,60.16 2 8
github.com/state-alchemists/zaruba/runner/runner.go:63.2,85.8 1 7
github.com/state-alchemists/zaruba/runner/runner.go:46.28,48.3 1 1
github.com/state-alchemists/zaruba/runner/runner.go:49.62,51.3 1 1
github.com/state-alchemists/zaruba/runner/runner.go:52.41,54.3 1 2
github.com/state-alchemists/zaruba/runner/runner.go:56.16,58.3 1 1
github.com/state-alchemists/zaruba/runner/runner.go:60.16,62.3 1 1
github.com/state-alchemists/zaruba/runner/runner.go:89.36,103.39 14 7
github.com/state-alchemists/zaruba/runner/runner.go:107.2,107.26 1 7
github.com/state-alchemists/zaruba/runner/runner.go:111.2,112.12 2 7
github.com/state-alchemists/zaruba/runner/runner.go:103.39,106.3 2 0
github.com/state-alchemists/zaruba/runner/runner.go:107.26,110.3 2 6
github.com/state-alchemists/zaruba/runner/runner.go:115.80,116.68 1 13
github.com/state-alchemists/zaruba/runner/runner.go:116.68,119.3 2 38
github.com/state-alchemists/zaruba/runner/runner.go:123.30,130.40 6 7
github.com/state-alchemists/zaruba/runner/runner.go:136.2,136.31 1 7
github.com/state-alchemists/zaruba/runner/runner.go:130.40,135.3 4 5
github.com/state-alchemists/zaruba/runner/runner.go:136.31,137.43 1 5
github.com/state-alchemists/zaruba/runner/runner.go:140.3,140.27 1 5
github.com/state-alchemists/zaruba/runner/runner.go:137.43,139.4 1 0
github.com/state-alchemists/zaruba/runner/runner.go:144.30,146.6 2 7
github.com/state-alchemists/zaruba/runner/runner.go:146.6,152.31 6 39
github.com/state-alchemists/zaruba/runner/runner.go:155.3,156.42 2 0
github.com/state-alchemists/zaruba/runner/runner.go:152.31,153.12 1 32
github.com/state-alchemists/zaruba/runner/runner.go:156.42,159.4 2 0
github.com/state-alchemists/zaruba/runner/runner.go:163.30,164.6 1 7
github.com/state-alchemists/zaruba/runner/runner.go:164.6,168.3 3 7
github.com/state-alchemists/zaruba/runner/runner.go:171.33,172.6 1 7
github.com/state-alchemists/zaruba/runner/runner.go:172.6,176.3 3 39
github.com/state-alchemists/zaruba/runner/runner.go:179.33,180.6 1 7
github.com/state-alchemists/zaruba/runner/runner.go:180.6,184.3 3 7
github.com/state-alchemists/zaruba/runner/runner.go:187.41,188.6 1 7
github.com/state-alchemists/zaruba/runner/runner.go:188.6,190.26 2 7
github.com/state-alchemists/zaruba/runner/runner.go:193.3,193.17 1 0
github.com/state-alchemists/zaruba/runner/runner.go:190.26,192.4 1 2
github.com/state-alchemists/zaruba/runner/runner.go:197.57,202.13 5 7
github.com/state-alchemists/zaruba/runner/runner.go:210.2,212.28 3 0
github.com/state-alchemists/zaruba/runner/runner.go:203.20,204.32 1 0
github.com/state-alchemists/zaruba/runner/runner.go:205.23,206.33 1 0
github.com/state-alchemists/zaruba/runner/runner.go:207.10,208.44 1 0
github.com/state-alchemists/zaruba/runner/runner.go:215.47,219.2 3 5
github.com/state-alchemists/zaruba/runner/runner.go:221.74,226.2 4 7
github.com/state-alchemists/zaruba/runner/runner.go:228.34,232.2 3 4
github.com/state-alchemists/zaruba/runner/runner.go:234.48,239.2 4 11
github.com/state-alchemists/zaruba/runner/runner.go:241.36,245.2 3 7
github.com/state-alchemists/zaruba/runner/runner.go:247.52,252.2 4 399
github.com/state-alchemists/zaruba/runner/runner.go:254.37,255.54 1 7
github.com/state-alchemists/zaruba/runner/runner.go:259.2,264.21 6 4
github.com/state-alchemists/zaruba/runner/runner.go:270.2,270.6 1 2
github.com/state-alchemists/zaruba/runner/runner.go:255.54,258.3 2 3
github.com/state-alchemists/zaruba/runner/runner.go:264.21,268.3 3 2
github.com/state-alchemists/zaruba/runner/runner.go:270.6,272.26 2 31
github.com/state-alchemists/zaruba/runner/runner.go:276.3,278.23 3 30
github.com/state-alchemists/zaruba/runner/runner.go:282.3,283.20 2 30
github.com/state-alchemists/zaruba/runner/runner.go:272.26,275.4 2 1
github.com/state-alchemists/zaruba/runner/runner.go:278.23,280.9 2 29
github.com/state-alchemists/zaruba/runner/runner.go:283.20,286.4 2 1
github.com/state-alchemists/zaruba/runner/runner.go:290.65,292.37 2 46
github.com/state-alchemists/zaruba/runner/runner.go:296.2,297.29 2 46
github.com/state-alchemists/zaruba/runner/runner.go:300.2,300.46 1 46
github.com/state-alchemists/zaruba/runner/runner.go:306.2,306.12 1 42
github.com/state-alchemists/zaruba/runner/runner.go:292.37,295.3 2 92
github.com/state-alchemists/zaruba/runner/runner.go:297.29,299.3 1 92
github.com/state-alchemists/zaruba/runner/runner.go:300.46,302.17 2 92
github.com/state-alchemists/zaruba/runner/runner.go:302.17,304.4 1 4
github.com/state-alchemists/zaruba/runner/runner.go:309.57,310.37 1 92
github.com/state-alchemists/zaruba/runner/runner.go:314.2,314.65 1 39
github.com/state-alchemists/zaruba/runner/runner.go:318.2,318.30 1 38
github.com/state-alchemists/zaruba/runner/runner.go:325.2,325.30 1 32
github.com/state-alchemists/zaruba/runner/runner.go:333.2,335.11 3 6
github.com/state-alchemists/zaruba/runner/runner.go:310.37,313.3 2 53
github.com/state-alchemists/zaruba/runner/runner.go:314.65,317.3 2 1
github.com/state-alchemists/zaruba/runner/runner.go:318.30,324.3 4 6
github.com/state-alchemists/zaruba/runner/runner.go:325.30,331.3 4 26
github.com/state-alchemists/zaruba/runner/runner.go:338.60,345.2 6 26
github.com/state-alchemists/zaruba/runner/runner.go:347.65,348.52 1 6
github.com/state-alchemists/zaruba/runner/runner.go:351.2,352.12 2 6
github.com/state-alchemists/zaruba/runner/runner.go:348.52,350.3 1 0
github.com/state-alchemists/zaruba/runner/runner.go:355.67,361.16 6 6
github.com/state-alchemists/zaruba/runner/runner.go:364.2,365.35 2 6
github.com/state-alchemists/zaruba/runner/runner.go:368.2,369.12 2 6
github.com/state-alchemists/zaruba/runner/runner.go:361.16,363.3 1 0
github.com/state-alchemists/zaruba/runner/runner.go:365.35,367.3 1 0
github.com/state-alchemists/zaruba/runner/runner.go:372.67,379.2 6 6
github.com/state-alchemists/zaruba/runner/runner.go:381.161,386.12 4 32
github.com/state-alchemists/zaruba/runner/runner.go:417.2,417.12 1 32
github.com/state-alchemists/zaruba/runner/runner.go:426.2,427.12 2 32
github.com/state-alchemists/zaruba/runner/runner.go:386.12,390.65 4 32
github.com/state-alchemists/zaruba/runner/runner.go:414.3,414.15 1 2
github.com/state-alchemists/zaruba/runner/runner.go:390.65,392.21 2 34
github.com/state-alchemists/zaruba/runner/runner.go:396.4,399.21 4 34
github.com/state-alchemists/zaruba/runner/runner.go:403.4,405.21 2 34
github.com/state-alchemists/zaruba/runner/runner.go:412.4,412.88 1 4
github.com/state-alchemists/zaruba/runner/runner.go:392.21,395.5 2 0
github.com/state-alchemists/zaruba/runner/runner.go:399.21,401.13 2 0
github.com/state-alchemists/zaruba/runner/runner.go:405.21,410.5 4 29
github.com/state-alchemists/zaruba/runner/runner.go:417.12,419.15 2 32
github.com/state-alchemists/zaruba/runner/runner.go:422.3,424.35 3 1
github.com/state-alchemists/zaruba/runner/runner.go:419.15,421.4 1 0
github.com/state-alchemists/zaruba/runner/runner.go:430.52,432.6 2 7
github.com/state-alchemists/zaruba/runner/runner.go:432.6,434.26 2 259
github.com/state-alchemists/zaruba/runner/runner.go:438.3,439.44 2 252
github.com/state-alchemists/zaruba/runner/runner.go:447.3,447.26 1 252
github.com/state-alchemists/zaruba/runner/runner.go:434.26,437.4 2 6
github.com/state-alchemists/zaruba/runner/runner.go:439.44,440.63 1 182
github.com/state-alchemists/zaruba/runner/runner.go:443.4,445.57 3 5
github.com/state-alchemists/zaruba/runner/runner.go:440.63,441.13 1 177
github.com/state-alchemists/zaruba/runner/runner.go:451.104,461.64 10 5
github.com/state-alchemists/zaruba/runner/runner.go:486.2,486.19 1 5
github.com/state-alchemists/zaruba/runner/runner.go:491.2,491.36 1 0
github.com/state-alchemists/zaruba/runner/runner.go:497.2,499.67 3 0
github.com/state-alchemists/zaruba/runner/runner.go:461.64,463.18 1 5
github.com/state-alchemists/zaruba/runner/runner.go:477.3,479.20 2 5
github.com/state-alchemists/zaruba/runner/runner.go:484.3,484.87 1 5
github.com/state-alchemists/zaruba/runner/runner.go:463.18,465.21 2 0
github.com/state-alchemists/zaruba/runner/runner.go:469.4,472.21 4 0
github.com/state-alchemists/zaruba/runner/runner.go:465.21,468.5 2 0
github.com/state-alchemists/zaruba/runner/runner.go:472.21,474.13 2 0
github.com/state-alchemists/zaruba/runner/runner.go:479.20,481.9 2 0
github.com/state-alchemists/zaruba/runner/runner.go:486.19,490.3 3 5
github.com/state-alchemists/zaruba/runner/runner.go:491.36,496.3 4 0
github.com/state-alchemists/zaruba/runner/runner.go:502.110,508.2 4 5
github.com/state-alchemists/zaruba/runner/runner.go:510.139,513.61 3 9
github.com/state-alchemists/zaruba/runner/runner.go:513.61,515.3 1 2
github.com/state-alchemists/zaruba/runner/runner.go:518.79,520.2 1 29
github.com/state-alchemists/zaruba/runner/runner.go:522.140,525.61 3 0
github.com/state-alchemists/zaruba/runner/runner.go:525.61,527.3 1 0
github.com/state-alchemists/zaruba/runner/runner.go:530.125,533.2 2 9
github.com/state-alchemists/zaruba/runner/runner.go:535.70,536.61 1 14
github.com/state-alchemists/zaruba/runner/runner.go:539.2,539.32 1 7
github.com/state-alchemists/zaruba/runner/runner.go:536.61,538.3 1 7
github.com/state-alchemists/zaruba/runner/runner.go:542.58,543.25 1 51
github.com/state-alchemists/zaruba/runner/runner.go:546.2,547.21 2 44
github.com/state-alchemists/zaruba/runner/runner.go:550.2,550.28 1 40
github.com/state-alchemists/zaruba/runner/runner.go:543.25,545.3 1 7
github.com/state-alchemists/zaruba/runner/runner.go:547.21,549.3 1 4
github.com/state-alchemists/zaruba/runner/runner.go:553.71,554.19 1 82
github.com/state-alchemists/zaruba/runner/runner.go:557.2,557.106 1 74
github.com/state-alchemists/zaruba/runner/runner.go:554.19,556.3 1 8
github.com/state-alchemists/zaruba/runner/runner.go:560.132,562.19 2 40
github.com/state-alchemists/zaruba/runner/runner.go:565.2,566.31 2 40
github.com/state-alchemists/zaruba/runner/runner.go:562.19,564.3 1 0
github.com/state-alchemists/zaruba/runner/runner.go:569.214,582.2 3 40
github.com/state-alchemists/zaruba/runner/runner.go:584.46,588.2 3 46
github.com/state-alchemists/zaruba/runner/runner.go:590.63,593.15 3 92
github.com/state-alchemists/zaruba/runner/runner.go:599.2,600.16 2 92
github.com/state-alchemists/zaruba/runner/runner.go:593.15,595.3 1 53
github.com/state-alchemists/zaruba/runner/runner.go:595.8,598.3 2 39
github.com/state-alchemists/zaruba/runner/runner.go:603.63,607.2 3 38
github.com/state-alchemists/zaruba/runner/runner.go:609.68,614.2 4 69
github.com/state-alchemists/zaruba/runner/runner.go:616.60,621.2 4 53
github.com/state-alchemists/zaruba/runner/runner.go:623.64,624.6 1 53
github.com/state-alchemists/zaruba/runner/runner.go:624.6,626.33 2 69
github.com/state-alchemists/zaruba/runner/runner.go:629.3,629.26 1 16
github.com/state-alchemists/zaruba/runner/runner.go:626.33,628.4 1 53
github.com/state-alchemists/zaruba/runner/runner.go:629.26,631.4 1 0
github.com/state-alchemists/zaruba/runner/runner.go:635.64,638.31 3 7
github.com/state-alchemists/zaruba/runner/runner.go:655.2,656.15 2 7
github.com/state-alchemists/zaruba/runner/runner.go:638.31,640.32 2 21
github.com/state-alchemists/zaruba/runner/runner.go:652.3,653.54 2 21
github.com/state-alchemists/zaruba/runner/runner.go:640.32,642.18 2 21
github.com/state-alchemists/zaruba/runner/runner.go:645.4,645.21 1 21
github.com/state-alchemists/zaruba/runner/runner.go:648.4,650.21 3 21
github.com/state-alchemists/zaruba/runner/runner.go:642.18,644.5 1 21
github.com/state-alchemists/zaruba/runner/runner.go:645.21,647.5 1 0
github.com/state-alchemists/zaruba/runner/runner.go:659.48,662.12 3 455
github.com/state-alchemists/zaruba/runner/runner.go:667.2,667.8 1 455
github.com/state-alchemists/zaruba/runner/runner.go:662.12,666.3 3 455
github.com/state-alchemists/zaruba/runner/runner.go:670.71,675.2 4 4
github.com/state-alchemists/zaruba/runner/runner.go:677.31,683.40 6 18
github.com/state-alchemists/zaruba/runner/runner.go:687.2,698.26 12 18
github.com/state-alchemists/zaruba/runner/runner.go:702.2,702.130 1 18
github.com/state-alchemists/zaruba/runner/runner.go:683.40,686.3 2 4
github.com/state-alchemists/zaruba/runner/runner.go:698.26,701.3 2 4
github.com/state-alchemists/zaruba/runner/runner.go:705.60,707.43 2 18
github.com/state-alchemists/zaruba/runner/runner.go:710.2,710.37 1 11
github.com/state-alchemists/zaruba/runner/runner.go:713.2,713.63 1 7
github.com/state-alchemists/zaruba/runner/runner.go:707.43,709.3 1 7
github.com/state-alchemists/zaruba/runner/runner.go:710.37,712.3 1 4
github.com/state-alchemists/zaruba/runner/runner.go:716.52,718.60 2 5
github.com/state-alchemists/zaruba/runner/runner.go:724.2,724.60 1 5
github.com/state-alchemists/zaruba/runner/runner.go:730.2,730.60 1 5
github.com/state-alchemists/zaruba/runner/runner.go:736.2,736.11 1 5
github.com/state-alchemists/zaruba/runner/runner.go:718.60,720.61 2 5
github.com/state-alchemists/zaruba/runner/runner.go:720.61,722.4 1 5
github.com/state-alchemists/zaruba/runner/runner.go:724.60,726.61 2 5
github.com/state-alchemists/zaruba/runner/runner.go:726.61,728.4 1 5
github.com/state-alchemists/zaruba/runner/runner.go:730.60,732.61 2 5
github.com/state-alchemists/zaruba/runner/runner.go:732.61,734.4 1 5
github.com/state-alchemists/zaruba/runner/taskstatus.go:10.39,15.2 1 39
github.com/state-alchemists/zaruba/runner/taskstatus.go:18.41,21.2 2 38
